#-----------------------------------------------------------
# Vivado v2019.1 (64-bit)
# SW Build 2552052 on Fri May 24 14:49:42 MDT 2019
# IP Build 2548770 on Fri May 24 18:01:18 MDT 2019
# Start of session at: Sat Jun 18 10:25:57 2022
# Process ID: 5368
# Current directory: C:/Users/Justyna/Desktop/Studies/EiT/semestr1/SDwUP/Polynomial/polynomial
# Command line: vivado.exe -gui_launcher_event rodinguilauncherevent6784 C:\Users\Justyna\Desktop\Studies\EiT\semestr1\SDwUP\Polynomial\polynomial\polynomial.xpr
# Log file: C:/Users/Justyna/Desktop/Studies/EiT/semestr1/SDwUP/Polynomial/polynomial/vivado.log
# Journal file: C:/Users/Justyna/Desktop/Studies/EiT/semestr1/SDwUP/Polynomial/polynomial\vivado.jou
#-----------------------------------------------------------
start_gui
open_project C:/Users/Justyna/Desktop/Studies/EiT/semestr1/SDwUP/Polynomial/polynomial/polynomial.xpr
Scanning sources...
Finished scanning sources
INFO: [IP_Flow 19-234] Refreshing IP repositories
INFO: [IP_Flow 19-1700] Loaded user IP repository 'c:/Users/Justyna/Desktop/Studies/EiT/semestr1/SDwUP/Polynomial/ip_repo/polynomial_ip_1.0'.
INFO: [IP_Flow 19-2313] Loaded Vivado IP repository 'D:/Programs/Xilinx/Vivado/2019.1/data/ip'.
open_project: Time (s): cpu = 00:00:16 ; elapsed = 00:00:08 . Memory (MB): peak = 839.293 ; gain = 165.812
update_compile_order -fileset sources_1
open_bd_design {C:/Users/Justyna/Desktop/Studies/EiT/semestr1/SDwUP/Polynomial/polynomial/polynomial.srcs/sources_1/bd/design_acc/design_acc.bd}
Adding component instance block -- xilinx.com:ip:processing_system7:5.5 - processing_system7_0
Adding component instance block -- xilinx.com:ip:axi_interconnect:2.1 - ps7_0_axi_periph
Adding component instance block -- xilinx.com:ip:axi_protocol_converter:2.1 - auto_pc
Adding component instance block -- xilinx.com:ip:proc_sys_reset:5.0 - rst_ps7_0_100M
Adding component instance block -- xilinx.com:user:polynomial_ip:1.0 - polynomial_ip_0
Successfully read diagram <design_acc> from BD file <C:/Users/Justyna/Desktop/Studies/EiT/semestr1/SDwUP/Polynomial/polynomial/polynomial.srcs/sources_1/bd/design_acc/design_acc.bd>
open_bd_design: Time (s): cpu = 00:00:11 ; elapsed = 00:00:09 . Memory (MB): peak = 987.723 ; gain = 54.320
ipx::edit_ip_in_project -upgrade true -name polynomial_ip_v1_0_project -directory C:/Users/Justyna/Desktop/Studies/EiT/semestr1/SDwUP/Polynomial/polynomial/polynomial.tmp/polynomial_ip_v1_0_project c:/Users/Justyna/Desktop/Studies/EiT/semestr1/SDwUP/Polynomial/ip_repo/polynomial_ip_1.0/component.xml
INFO: [ProjectBase 1-489] The host OS only allows 260 characters in a normal path. The project is stored in a path with more than 80 characters. If you experience issues with IP, Block Designs, or files not being found, please consider moving the project to a location with a shorter path. Alternately consider using the OS subst command to map part of the path to a drive letter.
Current project path is 'c:/users/justyna/desktop/studies/eit/semestr1/sdwup/polynomial/polynomial/polynomial.tmp/polynomial_ip_v1_0_project'
INFO: [IP_Flow 19-234] Refreshing IP repositories
INFO: [IP_Flow 19-1704] No user IP repositories specified
INFO: [IP_Flow 19-2313] Loaded Vivado IP repository 'D:/Programs/Xilinx/Vivado/2019.1/data/ip'.
INFO: [IP_Flow 19-234] Refreshing IP repositories
INFO: [IP_Flow 19-1700] Loaded user IP repository 'c:/Users/Justyna/Desktop/Studies/EiT/semestr1/SDwUP/Polynomial/ip_repo/polynomial_ip_1.0'.
INFO: [IP_Flow 19-795] Syncing license key meta-data
WARNING: [filemgmt 56-99] Vivado Synthesis ignores library specification for Verilog or SystemVerilog files. [c:/Users/Justyna/Desktop/Studies/EiT/semestr1/SDwUP/Polynomial/ip_repo/polynomial_ip_1.0/hdl/polynomial_ip_v1_0_S00_AXI.v:]
WARNING: [filemgmt 56-99] Vivado Synthesis ignores library specification for Verilog or SystemVerilog files. [c:/Users/Justyna/Desktop/Studies/EiT/semestr1/SDwUP/Polynomial/ip_repo/polynomial_ip_1.0/hdl/polynomial_ip_v1_0.v:]
ipx::edit_ip_in_project: Time (s): cpu = 00:00:10 ; elapsed = 00:00:06 . Memory (MB): peak = 1016.367 ; gain = 19.164
update_compile_order -fileset sources_1
close_project
exit
INFO: [Common 17-206] Exiting Vivado at Sat Jun 18 10:35:04 2022...
