#-----------------------------------------------------------
# Vivado v2019.1 (64-bit)
# SW Build 2552052 on Fri May 24 14:49:42 MDT 2019
# IP Build 2548770 on Fri May 24 18:01:18 MDT 2019
# Start of session at: Sat Jun 18 12:17:19 2022
# Process ID: 14220
# Current directory: C:/Users/Justyna/Desktop/Studies/EiT/semestr1/SDwUP/Project_Polynomial/AXI_Lite/polynomial
# Command line: vivado.exe -gui_launcher_event rodinguilauncherevent14400 C:\Users\Justyna\Desktop\Studies\EiT\semestr1\SDwUP\Project_Polynomial\AXI_Lite\polynomial\polynomial.xpr
# Log file: C:/Users/Justyna/Desktop/Studies/EiT/semestr1/SDwUP/Project_Polynomial/AXI_Lite/polynomial/vivado.log
# Journal file: C:/Users/Justyna/Desktop/Studies/EiT/semestr1/SDwUP/Project_Polynomial/AXI_Lite/polynomial\vivado.jou
#-----------------------------------------------------------
start_gui
open_project C:/Users/Justyna/Desktop/Studies/EiT/semestr1/SDwUP/Project_Polynomial/AXI_Lite/polynomial/polynomial.xpr
INFO: [ProjectBase 1-489] The host OS only allows 260 characters in a normal path. The project is stored in a path with more than 80 characters. If you experience issues with IP, Block Designs, or files not being found, please consider moving the project to a location with a shorter path. Alternately consider using the OS subst command to map part of the path to a drive letter.
Current project path is 'C:/Users/Justyna/Desktop/Studies/EiT/semestr1/SDwUP/Project_Polynomial/AXI_Lite/polynomial'
INFO: [Project 1-313] Project file moved from 'C:/Users/Justyna/Desktop/Studies/EiT/semestr1/SDwUP/Polynomial/polynomial' since last save.
Scanning sources...
Finished scanning sources
INFO: [IP_Flow 19-234] Refreshing IP repositories
INFO: [IP_Flow 19-1700] Loaded user IP repository 'c:/Users/Justyna/Desktop/Studies/EiT/semestr1/SDwUP/Project_Polynomial/AXI_Lite/ip_repo/polynomial_ip_1.0'.
INFO: [IP_Flow 19-2313] Loaded Vivado IP repository 'D:/Programs/Xilinx/Vivado/2019.1/data/ip'.
open_project: Time (s): cpu = 00:00:19 ; elapsed = 00:00:08 . Memory (MB): peak = 841.496 ; gain = 153.871
update_compile_order -fileset sources_1
launch_sdk -workspace C:/Users/Justyna/Desktop/Studies/EiT/semestr1/SDwUP/Project_Polynomial/AXI_Lite/polynomial/polynomial.sdk -hwspec C:/Users/Justyna/Desktop/Studies/EiT/semestr1/SDwUP/Project_Polynomial/AXI_Lite/polynomial/polynomial.sdk/design_acc_wrapper.hdf
INFO: [Vivado 12-393] Launching SDK...
INFO: [Vivado 12-417] Running xsdk -workspace C:/Users/Justyna/Desktop/Studies/EiT/semestr1/SDwUP/Project_Polynomial/AXI_Lite/polynomial/polynomial.sdk -hwspec C:/Users/Justyna/Desktop/Studies/EiT/semestr1/SDwUP/Project_Polynomial/AXI_Lite/polynomial/polynomial.sdk/design_acc_wrapper.hdf
INFO: [Vivado 12-3157] SDK launch initiated. Please check console for any further messages.
exit
INFO: [Common 17-206] Exiting Vivado at Sat Jun 18 12:31:13 2022...
