
*** Running vivado
    with args -log design_acc_polynomial_ip_0_0.vds -m64 -product Vivado -mode batch -messageDb vivado.pb -notrace -source design_acc_polynomial_ip_0_0.tcl


****** Vivado v2019.1 (64-bit)
  **** SW Build 2552052 on Fri May 24 14:49:42 MDT 2019
  **** IP Build 2548770 on Fri May 24 18:01:18 MDT 2019
    ** Copyright 1986-2019 Xilinx, Inc. All Rights Reserved.

source design_acc_polynomial_ip_0_0.tcl -notrace
INFO: [IP_Flow 19-234] Refreshing IP repositories
INFO: [IP_Flow 19-1700] Loaded user IP repository 'c:/Users/Justyna/Desktop/Studies/EiT/semestr1/SDwUP/Project_Polynomial/AXI_Lite/ip_repo/polynomial_ip_1.0'.
INFO: [IP_Flow 19-2313] Loaded Vivado IP repository 'D:/Programs/Xilinx/Vivado/2019.1/data/ip'.
WARNING: [IP_Flow 19-4995] The host OS only allows 260 characters in a normal path. The IP cache path is more than 80 characters. If you experience issues with IP caching, please consider changing the IP cache to a location with a shorter path. Alternately consider using the OS subst command to map part of the path to a drive letter. 
Current IP cache path is c:/Users/Justyna/Desktop/Studies/EiT/semestr1/SDwUP/Project_Polynomial/AXI_Lite/polynomial/polynomial.cache/ip 
Command: synth_design -top design_acc_polynomial_ip_0_0 -part xc7z020clg484-1 -mode out_of_context
Starting synth_design
Attempting to get a license for feature 'Synthesis' and/or device 'xc7z020'
INFO: [Common 17-349] Got license for feature 'Synthesis' and/or device 'xc7z020'
INFO: [Device 21-403] Loading part xc7z020clg484-1
INFO: Launching helper process for spawning children vivado processes
INFO: Helper process launched with PID 13192 
---------------------------------------------------------------------------------
Starting RTL Elaboration : Time (s): cpu = 00:00:03 ; elapsed = 00:00:03 . Memory (MB): peak = 830.129 ; gain = 176.895
---------------------------------------------------------------------------------
INFO: [Synth 8-6157] synthesizing module 'design_acc_polynomial_ip_0_0' [c:/Users/Justyna/Desktop/Studies/EiT/semestr1/SDwUP/Project_Polynomial/AXI_Lite/polynomial/polynomial.srcs/sources_1/bd/design_acc/ip/design_acc_polynomial_ip_0_0/synth/design_acc_polynomial_ip_0_0.v:57]
INFO: [Synth 8-6157] synthesizing module 'polynomial_ip_v1_0' [c:/Users/Justyna/Desktop/Studies/EiT/semestr1/SDwUP/Project_Polynomial/AXI_Lite/polynomial/polynomial.srcs/sources_1/bd/design_acc/ipshared/f134/hdl/polynomial_ip_v1_0.v:4]
	Parameter C_S00_AXI_DATA_WIDTH bound to: 32 - type: integer 
	Parameter C_S00_AXI_ADDR_WIDTH bound to: 5 - type: integer 
INFO: [Synth 8-6157] synthesizing module 'polynomial_ip_v1_0_S00_AXI' [c:/Users/Justyna/Desktop/Studies/EiT/semestr1/SDwUP/Project_Polynomial/AXI_Lite/polynomial/polynomial.srcs/sources_1/bd/design_acc/ipshared/f134/hdl/polynomial_ip_v1_0_S00_AXI.v:4]
	Parameter C_S_AXI_DATA_WIDTH bound to: 32 - type: integer 
	Parameter C_S_AXI_ADDR_WIDTH bound to: 5 - type: integer 
	Parameter ADDR_LSB bound to: 2 - type: integer 
	Parameter OPT_MEM_ADDR_BITS bound to: 2 - type: integer 
INFO: [Synth 8-226] default block is never used [c:/Users/Justyna/Desktop/Studies/EiT/semestr1/SDwUP/Project_Polynomial/AXI_Lite/polynomial/polynomial.srcs/sources_1/bd/design_acc/ipshared/f134/hdl/polynomial_ip_v1_0_S00_AXI.v:239]
INFO: [Synth 8-226] default block is never used [c:/Users/Justyna/Desktop/Studies/EiT/semestr1/SDwUP/Project_Polynomial/AXI_Lite/polynomial/polynomial.srcs/sources_1/bd/design_acc/ipshared/f134/hdl/polynomial_ip_v1_0_S00_AXI.v:412]
INFO: [Synth 8-6157] synthesizing module 'polynomial_rtl' [c:/Users/Justyna/Desktop/Studies/EiT/semestr1/SDwUP/Project_Polynomial/AXI_Lite/polynomial/polynomial.srcs/sources_1/bd/design_acc/ipshared/f134/hdl/polynomial_ip_v1_0_S00_AXI.v:478]
	Parameter W bound to: 16 - type: integer 
	Parameter FXP_SHIFT bound to: 12 - type: integer 
	Parameter OVERFLOW_MASK bound to: 48'b111111111111111110000000000000000000000000000000 
WARNING: [Synth 8-6014] Unused sequential element y_temp_reg was removed.  [c:/Users/Justyna/Desktop/Studies/EiT/semestr1/SDwUP/Project_Polynomial/AXI_Lite/polynomial/polynomial.srcs/sources_1/bd/design_acc/ipshared/f134/hdl/polynomial_ip_v1_0_S00_AXI.v:526]
INFO: [Synth 8-6155] done synthesizing module 'polynomial_rtl' (1#1) [c:/Users/Justyna/Desktop/Studies/EiT/semestr1/SDwUP/Project_Polynomial/AXI_Lite/polynomial/polynomial.srcs/sources_1/bd/design_acc/ipshared/f134/hdl/polynomial_ip_v1_0_S00_AXI.v:478]
INFO: [Synth 8-6155] done synthesizing module 'polynomial_ip_v1_0_S00_AXI' (2#1) [c:/Users/Justyna/Desktop/Studies/EiT/semestr1/SDwUP/Project_Polynomial/AXI_Lite/polynomial/polynomial.srcs/sources_1/bd/design_acc/ipshared/f134/hdl/polynomial_ip_v1_0_S00_AXI.v:4]
INFO: [Synth 8-6155] done synthesizing module 'polynomial_ip_v1_0' (3#1) [c:/Users/Justyna/Desktop/Studies/EiT/semestr1/SDwUP/Project_Polynomial/AXI_Lite/polynomial/polynomial.srcs/sources_1/bd/design_acc/ipshared/f134/hdl/polynomial_ip_v1_0.v:4]
INFO: [Synth 8-6155] done synthesizing module 'design_acc_polynomial_ip_0_0' (4#1) [c:/Users/Justyna/Desktop/Studies/EiT/semestr1/SDwUP/Project_Polynomial/AXI_Lite/polynomial/polynomial.srcs/sources_1/bd/design_acc/ip/design_acc_polynomial_ip_0_0/synth/design_acc_polynomial_ip_0_0.v:57]
WARNING: [Synth 8-3331] design polynomial_ip_v1_0_S00_AXI has unconnected port S_AXI_AWPROT[2]
WARNING: [Synth 8-3331] design polynomial_ip_v1_0_S00_AXI has unconnected port S_AXI_AWPROT[1]
WARNING: [Synth 8-3331] design polynomial_ip_v1_0_S00_AXI has unconnected port S_AXI_AWPROT[0]
WARNING: [Synth 8-3331] design polynomial_ip_v1_0_S00_AXI has unconnected port S_AXI_ARPROT[2]
WARNING: [Synth 8-3331] design polynomial_ip_v1_0_S00_AXI has unconnected port S_AXI_ARPROT[1]
WARNING: [Synth 8-3331] design polynomial_ip_v1_0_S00_AXI has unconnected port S_AXI_ARPROT[0]
---------------------------------------------------------------------------------
Finished RTL Elaboration : Time (s): cpu = 00:00:04 ; elapsed = 00:00:04 . Memory (MB): peak = 897.074 ; gain = 243.840
---------------------------------------------------------------------------------

Report Check Netlist: 
+------+------------------+-------+---------+-------+------------------+
|      |Item              |Errors |Warnings |Status |Description       |
+------+------------------+-------+---------+-------+------------------+
|1     |multi_driven_nets |      0|        0|Passed |Multi driven nets |
+------+------------------+-------+---------+-------+------------------+
---------------------------------------------------------------------------------
Start Handling Custom Attributes
---------------------------------------------------------------------------------
---------------------------------------------------------------------------------
Finished Handling Custom Attributes : Time (s): cpu = 00:00:04 ; elapsed = 00:00:05 . Memory (MB): peak = 897.074 ; gain = 243.840
---------------------------------------------------------------------------------
---------------------------------------------------------------------------------
Finished RTL Optimization Phase 1 : Time (s): cpu = 00:00:04 ; elapsed = 00:00:05 . Memory (MB): peak = 897.074 ; gain = 243.840
---------------------------------------------------------------------------------
INFO: [Project 1-570] Preparing netlist for logic optimization

Processing XDC Constraints
Initializing timing engine
Completed Processing XDC Constraints

Netlist sorting complete. Time (s): cpu = 00:00:00 ; elapsed = 00:00:00.001 . Memory (MB): peak = 1015.988 ; gain = 0.000
INFO: [Project 1-111] Unisim Transformation Summary:
No Unisim elements were transformed.

WARNING: [Constraints 18-5210] No constraints selected for write.
Resolution: This message can indicate that there are no constraints for the design, or it can indicate that the used_in flags are set such that the constraints are ignored. This later case is used when running synth_design to not write synthesis constraints to the resulting checkpoint. Instead, project constraints are read when the synthesized design is opened.
Constraint Validation Runtime : Time (s): cpu = 00:00:00 ; elapsed = 00:00:00.061 . Memory (MB): peak = 1017.078 ; gain = 1.090
---------------------------------------------------------------------------------
Finished Constraint Validation : Time (s): cpu = 00:00:10 ; elapsed = 00:00:10 . Memory (MB): peak = 1017.078 ; gain = 363.844
---------------------------------------------------------------------------------
---------------------------------------------------------------------------------
Start Loading Part and Timing Information
---------------------------------------------------------------------------------
Loading part: xc7z020clg484-1
---------------------------------------------------------------------------------
Finished Loading Part and Timing Information : Time (s): cpu = 00:00:10 ; elapsed = 00:00:10 . Memory (MB): peak = 1017.078 ; gain = 363.844
---------------------------------------------------------------------------------
---------------------------------------------------------------------------------
Start Applying 'set_property' XDC Constraints
---------------------------------------------------------------------------------
---------------------------------------------------------------------------------
Finished applying 'set_property' XDC Constraints : Time (s): cpu = 00:00:10 ; elapsed = 00:00:10 . Memory (MB): peak = 1017.078 ; gain = 363.844
---------------------------------------------------------------------------------
INFO: [Synth 8-5845] Not enough pipeline registers after wide multiplier. Recommended levels of pipeline registers is 3 [c:/Users/Justyna/Desktop/Studies/EiT/semestr1/SDwUP/Project_Polynomial/AXI_Lite/polynomial/polynomial.srcs/sources_1/bd/design_acc/ipshared/f134/hdl/polynomial_ip_v1_0_S00_AXI.v:532]
INFO: [Synth 8-5845] Not enough pipeline registers after wide multiplier. Recommended levels of pipeline registers is 3 [c:/Users/Justyna/Desktop/Studies/EiT/semestr1/SDwUP/Project_Polynomial/AXI_Lite/polynomial/polynomial.srcs/sources_1/bd/design_acc/ipshared/f134/hdl/polynomial_ip_v1_0_S00_AXI.v:538]
INFO: [Synth 8-5845] Not enough pipeline registers after wide multiplier. Recommended levels of pipeline registers is 3 [c:/Users/Justyna/Desktop/Studies/EiT/semestr1/SDwUP/Project_Polynomial/AXI_Lite/polynomial/polynomial.srcs/sources_1/bd/design_acc/ipshared/f134/hdl/polynomial_ip_v1_0_S00_AXI.v:544]
INFO: [Synth 8-5845] Not enough pipeline registers after wide multiplier. Recommended levels of pipeline registers is 3 [c:/Users/Justyna/Desktop/Studies/EiT/semestr1/SDwUP/Project_Polynomial/AXI_Lite/polynomial/polynomial.srcs/sources_1/bd/design_acc/ipshared/f134/hdl/polynomial_ip_v1_0_S00_AXI.v:550]
INFO: [Synth 8-5845] Not enough pipeline registers after wide multiplier. Recommended levels of pipeline registers is 3 [c:/Users/Justyna/Desktop/Studies/EiT/semestr1/SDwUP/Project_Polynomial/AXI_Lite/polynomial/polynomial.srcs/sources_1/bd/design_acc/ipshared/f134/hdl/polynomial_ip_v1_0_S00_AXI.v:556]
---------------------------------------------------------------------------------
Finished RTL Optimization Phase 2 : Time (s): cpu = 00:00:10 ; elapsed = 00:00:11 . Memory (MB): peak = 1017.078 ; gain = 363.844
---------------------------------------------------------------------------------

Report RTL Partitions: 
+-+--------------+------------+----------+
| |RTL Partition |Replication |Instances |
+-+--------------+------------+----------+
+-+--------------+------------+----------+
---------------------------------------------------------------------------------
Start RTL Component Statistics 
---------------------------------------------------------------------------------
Detailed RTL Component Info : 
+---Adders : 
	   2 Input     48 Bit       Adders := 11    
+---Registers : 
	               32 Bit    Registers := 10    
	                5 Bit    Registers := 2     
	                2 Bit    Registers := 3     
	                1 Bit    Registers := 8     
+---Muxes : 
	   2 Input     48 Bit        Muxes := 12    
	   2 Input     32 Bit        Muxes := 6     
	   8 Input     32 Bit        Muxes := 6     
	   2 Input      1 Bit        Muxes := 5     
---------------------------------------------------------------------------------
Finished RTL Component Statistics 
---------------------------------------------------------------------------------
---------------------------------------------------------------------------------
Start RTL Hierarchical Component Statistics 
---------------------------------------------------------------------------------
Hierarchical RTL Component report 
Module polynomial_rtl 
Detailed RTL Component Info : 
+---Adders : 
	   2 Input     48 Bit       Adders := 11    
+---Registers : 
	               32 Bit    Registers := 1     
	                2 Bit    Registers := 1     
	                1 Bit    Registers := 2     
+---Muxes : 
	   2 Input     48 Bit        Muxes := 12    
Module polynomial_ip_v1_0_S00_AXI 
Detailed RTL Component Info : 
+---Registers : 
	               32 Bit    Registers := 9     
	                5 Bit    Registers := 2     
	                2 Bit    Registers := 2     
	                1 Bit    Registers := 6     
+---Muxes : 
	   2 Input     32 Bit        Muxes := 6     
	   8 Input     32 Bit        Muxes := 6     
	   2 Input      1 Bit        Muxes := 5     
---------------------------------------------------------------------------------
Finished RTL Hierarchical Component Statistics
---------------------------------------------------------------------------------
---------------------------------------------------------------------------------
Start Part Resource Summary
---------------------------------------------------------------------------------
Part Resources:
DSPs: 220 (col length:60)
BRAMs: 280 (col length: RAMB18 60 RAMB36 30)
---------------------------------------------------------------------------------
Finished Part Resource Summary
---------------------------------------------------------------------------------
---------------------------------------------------------------------------------
Start Cross Boundary and Area Optimization
---------------------------------------------------------------------------------
Warning: Parallel synthesis criteria is not met 
DSP Report: Generating DSP _temp1, operation Mode is: A*B.
DSP Report: operator _temp1 is absorbed into DSP _temp1.
DSP Report: Generating DSP _temp, operation Mode is: A*B.
DSP Report: operator _temp is absorbed into DSP _temp.
DSP Report: operator _temp is absorbed into DSP _temp.
DSP Report: Generating DSP _temp, operation Mode is: A*B.
DSP Report: operator _temp is absorbed into DSP _temp.
DSP Report: operator _temp is absorbed into DSP _temp.
DSP Report: Generating DSP _temp, operation Mode is: (PCIN>>17)+A*B.
DSP Report: operator _temp is absorbed into DSP _temp.
DSP Report: operator _temp is absorbed into DSP _temp.
DSP Report: Generating DSP _temp, operation Mode is: A*B.
DSP Report: operator _temp is absorbed into DSP _temp.
DSP Report: operator _temp is absorbed into DSP _temp.
DSP Report: Generating DSP _temp, operation Mode is: A*B.
DSP Report: operator _temp is absorbed into DSP _temp.
DSP Report: operator _temp is absorbed into DSP _temp.
DSP Report: Generating DSP _temp, operation Mode is: (PCIN>>17)+A*B.
DSP Report: operator _temp is absorbed into DSP _temp.
DSP Report: operator _temp is absorbed into DSP _temp.
DSP Report: Generating DSP _temp, operation Mode is: A*B.
DSP Report: operator _temp is absorbed into DSP _temp.
DSP Report: operator _temp is absorbed into DSP _temp.
DSP Report: Generating DSP _temp, operation Mode is: A*B.
DSP Report: operator _temp is absorbed into DSP _temp.
DSP Report: operator _temp is absorbed into DSP _temp.
DSP Report: Generating DSP _temp, operation Mode is: (PCIN>>17)+A*B.
DSP Report: operator _temp is absorbed into DSP _temp.
DSP Report: operator _temp is absorbed into DSP _temp.
DSP Report: Generating DSP _temp, operation Mode is: A*B.
DSP Report: operator _temp is absorbed into DSP _temp.
DSP Report: operator _temp is absorbed into DSP _temp.
DSP Report: Generating DSP _temp, operation Mode is: A*B.
DSP Report: operator _temp is absorbed into DSP _temp.
DSP Report: operator _temp is absorbed into DSP _temp.
DSP Report: Generating DSP _temp, operation Mode is: (PCIN>>17)+A*B.
DSP Report: operator _temp is absorbed into DSP _temp.
DSP Report: operator _temp is absorbed into DSP _temp.
DSP Report: Generating DSP _temp, operation Mode is: A*B.
DSP Report: operator _temp is absorbed into DSP _temp.
DSP Report: operator _temp is absorbed into DSP _temp.
DSP Report: Generating DSP _temp, operation Mode is: A*B.
DSP Report: operator _temp is absorbed into DSP _temp.
DSP Report: operator _temp is absorbed into DSP _temp.
DSP Report: Generating DSP _temp, operation Mode is: (PCIN>>17)+A*B.
DSP Report: operator _temp is absorbed into DSP _temp.
DSP Report: operator _temp is absorbed into DSP _temp.
WARNING: [Synth 8-3331] design polynomial_ip_v1_0_S00_AXI has unconnected port S_AXI_AWPROT[2]
WARNING: [Synth 8-3331] design polynomial_ip_v1_0_S00_AXI has unconnected port S_AXI_AWPROT[1]
WARNING: [Synth 8-3331] design polynomial_ip_v1_0_S00_AXI has unconnected port S_AXI_AWPROT[0]
WARNING: [Synth 8-3331] design polynomial_ip_v1_0_S00_AXI has unconnected port S_AXI_ARPROT[2]
WARNING: [Synth 8-3331] design polynomial_ip_v1_0_S00_AXI has unconnected port S_AXI_ARPROT[1]
WARNING: [Synth 8-3331] design polynomial_ip_v1_0_S00_AXI has unconnected port S_AXI_ARPROT[0]
INFO: [Synth 8-3333] propagating constant 0 across sequential element (\inst/polynomial_ip_v1_0_S00_AXI_inst/polynomial_rtl_inst/start_prev_reg[1] )
INFO: [Synth 8-3886] merging instance 'inst/polynomial_ip_v1_0_S00_AXI_inst/axi_rresp_reg[0]' (FDRE) to 'inst/polynomial_ip_v1_0_S00_AXI_inst/axi_rresp_reg[1]'
INFO: [Synth 8-3333] propagating constant 0 across sequential element (\inst/polynomial_ip_v1_0_S00_AXI_inst/axi_rresp_reg[1] )
INFO: [Synth 8-3886] merging instance 'inst/polynomial_ip_v1_0_S00_AXI_inst/axi_bresp_reg[0]' (FDRE) to 'inst/polynomial_ip_v1_0_S00_AXI_inst/axi_bresp_reg[1]'
INFO: [Synth 8-3333] propagating constant 0 across sequential element (\inst/polynomial_ip_v1_0_S00_AXI_inst/axi_bresp_reg[1] )
---------------------------------------------------------------------------------
Finished Cross Boundary and Area Optimization : Time (s): cpu = 00:00:13 ; elapsed = 00:00:14 . Memory (MB): peak = 1017.078 ; gain = 363.844
---------------------------------------------------------------------------------
---------------------------------------------------------------------------------
Start ROM, RAM, DSP and Shift Register Reporting
---------------------------------------------------------------------------------

DSP: Preliminary Mapping  Report (see note below)
+---------------+----------------+--------+--------+--------+--------+--------+------+------+------+------+-------+------+------+
|Module Name    | DSP Mapping    | A Size | B Size | C Size | D Size | P Size | AREG | BREG | CREG | DREG | ADREG | MREG | PREG | 
+---------------+----------------+--------+--------+--------+--------+--------+------+------+------+------+-------+------+------+
|polynomial_rtl | A*B            | 16     | 16     | -      | -      | 32     | 0    | 0    | -    | -    | -     | 0    | 0    | 
|polynomial_rtl | A*B            | 14     | 14     | -      | -      | 14     | 0    | 0    | -    | -    | -     | 0    | 0    | 
|polynomial_rtl | A*B            | 18     | 16     | -      | -      | 48     | 0    | 0    | -    | -    | -     | 0    | 0    | 
|polynomial_rtl | (PCIN>>17)+A*B | 18     | 16     | -      | -      | 31     | 0    | 0    | -    | -    | -     | 0    | 0    | 
|polynomial_rtl | A*B            | 14     | 14     | -      | -      | 14     | 0    | 0    | -    | -    | -     | 0    | 0    | 
|polynomial_rtl | A*B            | 18     | 16     | -      | -      | 48     | 0    | 0    | -    | -    | -     | 0    | 0    | 
|polynomial_rtl | (PCIN>>17)+A*B | 18     | 16     | -      | -      | 31     | 0    | 0    | -    | -    | -     | 0    | 0    | 
|polynomial_rtl | A*B            | 14     | 14     | -      | -      | 14     | 0    | 0    | -    | -    | -     | 0    | 0    | 
|polynomial_rtl | A*B            | 18     | 16     | -      | -      | 48     | 0    | 0    | -    | -    | -     | 0    | 0    | 
|polynomial_rtl | (PCIN>>17)+A*B | 18     | 16     | -      | -      | 31     | 0    | 0    | -    | -    | -     | 0    | 0    | 
|polynomial_rtl | A*B            | 14     | 14     | -      | -      | 14     | 0    | 0    | -    | -    | -     | 0    | 0    | 
|polynomial_rtl | A*B            | 18     | 16     | -      | -      | 48     | 0    | 0    | -    | -    | -     | 0    | 0    | 
|polynomial_rtl | (PCIN>>17)+A*B | 18     | 16     | -      | -      | 31     | 0    | 0    | -    | -    | -     | 0    | 0    | 
|polynomial_rtl | A*B            | 14     | 14     | -      | -      | 14     | 0    | 0    | -    | -    | -     | 0    | 0    | 
|polynomial_rtl | A*B            | 18     | 16     | -      | -      | 48     | 0    | 0    | -    | -    | -     | 0    | 0    | 
|polynomial_rtl | (PCIN>>17)+A*B | 18     | 16     | -      | -      | 31     | 0    | 0    | -    | -    | -     | 0    | 0    | 
+---------------+----------------+--------+--------+--------+--------+--------+------+------+------+------+-------+------+------+

Note: The table above is a preliminary report that shows the DSPs inferred at the current stage of the synthesis flow. Some DSP may be reimplemented as non DSP primitives later in the synthesis flow. Multiple instantiated DSPs are reported only once.
---------------------------------------------------------------------------------
Finished ROM, RAM, DSP and Shift Register Reporting
---------------------------------------------------------------------------------

Report RTL Partitions: 
+-+--------------+------------+----------+
| |RTL Partition |Replication |Instances |
+-+--------------+------------+----------+
+-+--------------+------------+----------+
---------------------------------------------------------------------------------
Start Applying XDC Timing Constraints
---------------------------------------------------------------------------------
---------------------------------------------------------------------------------
Finished Applying XDC Timing Constraints : Time (s): cpu = 00:00:24 ; elapsed = 00:00:25 . Memory (MB): peak = 1039.023 ; gain = 385.789
---------------------------------------------------------------------------------
---------------------------------------------------------------------------------
Start Timing Optimization
---------------------------------------------------------------------------------
---------------------------------------------------------------------------------
Finished Timing Optimization : Time (s): cpu = 00:00:24 ; elapsed = 00:00:25 . Memory (MB): peak = 1039.844 ; gain = 386.609
---------------------------------------------------------------------------------

Report RTL Partitions: 
+-+--------------+------------+----------+
| |RTL Partition |Replication |Instances |
+-+--------------+------------+----------+
+-+--------------+------------+----------+
---------------------------------------------------------------------------------
Start Technology Mapping
---------------------------------------------------------------------------------
---------------------------------------------------------------------------------
Finished Technology Mapping : Time (s): cpu = 00:00:25 ; elapsed = 00:00:26 . Memory (MB): peak = 1051.918 ; gain = 398.684
---------------------------------------------------------------------------------

Report RTL Partitions: 
+-+--------------+------------+----------+
| |RTL Partition |Replication |Instances |
+-+--------------+------------+----------+
+-+--------------+------------+----------+
---------------------------------------------------------------------------------
Start IO Insertion
---------------------------------------------------------------------------------
---------------------------------------------------------------------------------
Start Flattening Before IO Insertion
---------------------------------------------------------------------------------
---------------------------------------------------------------------------------
Finished Flattening Before IO Insertion
---------------------------------------------------------------------------------
---------------------------------------------------------------------------------
Start Final Netlist Cleanup
---------------------------------------------------------------------------------
---------------------------------------------------------------------------------
Finished Final Netlist Cleanup
---------------------------------------------------------------------------------
---------------------------------------------------------------------------------
Finished IO Insertion : Time (s): cpu = 00:00:27 ; elapsed = 00:00:28 . Memory (MB): peak = 1066.754 ; gain = 413.520
---------------------------------------------------------------------------------

Report Check Netlist: 
+------+------------------+-------+---------+-------+------------------+
|      |Item              |Errors |Warnings |Status |Description       |
+------+------------------+-------+---------+-------+------------------+
|1     |multi_driven_nets |      0|        0|Passed |Multi driven nets |
+------+------------------+-------+---------+-------+------------------+
---------------------------------------------------------------------------------
Start Renaming Generated Instances
---------------------------------------------------------------------------------
---------------------------------------------------------------------------------
Finished Renaming Generated Instances : Time (s): cpu = 00:00:27 ; elapsed = 00:00:28 . Memory (MB): peak = 1066.754 ; gain = 413.520
---------------------------------------------------------------------------------

Report RTL Partitions: 
+-+--------------+------------+----------+
| |RTL Partition |Replication |Instances |
+-+--------------+------------+----------+
+-+--------------+------------+----------+
---------------------------------------------------------------------------------
Start Rebuilding User Hierarchy
---------------------------------------------------------------------------------
---------------------------------------------------------------------------------
Finished Rebuilding User Hierarchy : Time (s): cpu = 00:00:27 ; elapsed = 00:00:28 . Memory (MB): peak = 1066.754 ; gain = 413.520
---------------------------------------------------------------------------------
---------------------------------------------------------------------------------
Start Renaming Generated Ports
---------------------------------------------------------------------------------
---------------------------------------------------------------------------------
Finished Renaming Generated Ports : Time (s): cpu = 00:00:27 ; elapsed = 00:00:28 . Memory (MB): peak = 1066.754 ; gain = 413.520
---------------------------------------------------------------------------------
---------------------------------------------------------------------------------
Start Handling Custom Attributes
---------------------------------------------------------------------------------
---------------------------------------------------------------------------------
Finished Handling Custom Attributes : Time (s): cpu = 00:00:27 ; elapsed = 00:00:28 . Memory (MB): peak = 1066.754 ; gain = 413.520
---------------------------------------------------------------------------------
---------------------------------------------------------------------------------
Start Renaming Generated Nets
---------------------------------------------------------------------------------
---------------------------------------------------------------------------------
Finished Renaming Generated Nets : Time (s): cpu = 00:00:27 ; elapsed = 00:00:28 . Memory (MB): peak = 1066.754 ; gain = 413.520
---------------------------------------------------------------------------------
---------------------------------------------------------------------------------
Start Writing Synthesis Report
---------------------------------------------------------------------------------

Report BlackBoxes: 
+-+--------------+----------+
| |BlackBox name |Instances |
+-+--------------+----------+
+-+--------------+----------+

Report Cell Usage: 
+------+--------+------+
|      |Cell    |Count |
+------+--------+------+
|1     |CARRY4  |    76|
|2     |DSP48E1 |    16|
|3     |LUT1    |    11|
|4     |LUT2    |   272|
|5     |LUT3    |     3|
|6     |LUT4    |    12|
|7     |LUT5    |    64|
|8     |LUT6    |    56|
|9     |MUXF7   |    32|
|10    |FDRE    |   304|
|11    |FDSE    |     1|
+------+--------+------+

Report Instance Areas: 
+------+------------------------------------+---------------------------+------+
|      |Instance                            |Module                     |Cells |
+------+------------------------------------+---------------------------+------+
|1     |top                                 |                           |   847|
|2     |  inst                              |polynomial_ip_v1_0         |   847|
|3     |    polynomial_ip_v1_0_S00_AXI_inst |polynomial_ip_v1_0_S00_AXI |   842|
|4     |      polynomial_rtl_inst           |polynomial_rtl             |   441|
+------+------------------------------------+---------------------------+------+
---------------------------------------------------------------------------------
Finished Writing Synthesis Report : Time (s): cpu = 00:00:27 ; elapsed = 00:00:28 . Memory (MB): peak = 1066.754 ; gain = 413.520
---------------------------------------------------------------------------------
Synthesis finished with 0 errors, 0 critical warnings and 6 warnings.
Synthesis Optimization Runtime : Time (s): cpu = 00:00:21 ; elapsed = 00:00:26 . Memory (MB): peak = 1066.754 ; gain = 293.516
Synthesis Optimization Complete : Time (s): cpu = 00:00:27 ; elapsed = 00:00:28 . Memory (MB): peak = 1066.754 ; gain = 413.520
INFO: [Project 1-571] Translating synthesized netlist
INFO: [Netlist 29-17] Analyzing 124 Unisim elements for replacement
INFO: [Netlist 29-28] Unisim Transformation completed in 0 CPU seconds
INFO: [Project 1-570] Preparing netlist for logic optimization
INFO: [Opt 31-138] Pushed 0 inverter(s) to 0 load pin(s).
Netlist sorting complete. Time (s): cpu = 00:00:00 ; elapsed = 00:00:00 . Memory (MB): peak = 1066.754 ; gain = 0.000
INFO: [Project 1-111] Unisim Transformation Summary:
No Unisim elements were transformed.

INFO: [Common 17-83] Releasing license: Synthesis
34 Infos, 15 Warnings, 0 Critical Warnings and 0 Errors encountered.
synth_design completed successfully
synth_design: Time (s): cpu = 00:00:33 ; elapsed = 00:00:35 . Memory (MB): peak = 1066.754 ; gain = 682.824
Netlist sorting complete. Time (s): cpu = 00:00:00 ; elapsed = 00:00:00 . Memory (MB): peak = 1066.754 ; gain = 0.000
WARNING: [Constraints 18-5210] No constraints selected for write.
Resolution: This message can indicate that there are no constraints for the design, or it can indicate that the used_in flags are set such that the constraints are ignored. This later case is used when running synth_design to not write synthesis constraints to the resulting checkpoint. Instead, project constraints are read when the synthesized design is opened.
INFO: [Common 17-1381] The checkpoint 'C:/Users/Justyna/Desktop/Studies/EiT/semestr1/SDwUP/Project_Polynomial/AXI_Lite/polynomial/polynomial.runs/design_acc_polynomial_ip_0_0_synth_1/design_acc_polynomial_ip_0_0.dcp' has been generated.
WARNING: [Common 17-576] 'use_project_ipc' is deprecated. This option is deprecated and no longer used.
INFO: [Coretcl 2-1648] Added synthesis output to IP cache for IP design_acc_polynomial_ip_0_0, cache-ID = 524afa22cac1a200
INFO: [Coretcl 2-1174] Renamed 3 cell refs.
Netlist sorting complete. Time (s): cpu = 00:00:00 ; elapsed = 00:00:00.001 . Memory (MB): peak = 1066.754 ; gain = 0.000
WARNING: [Constraints 18-5210] No constraints selected for write.
Resolution: This message can indicate that there are no constraints for the design, or it can indicate that the used_in flags are set such that the constraints are ignored. This later case is used when running synth_design to not write synthesis constraints to the resulting checkpoint. Instead, project constraints are read when the synthesized design is opened.
INFO: [Common 17-1381] The checkpoint 'C:/Users/Justyna/Desktop/Studies/EiT/semestr1/SDwUP/Project_Polynomial/AXI_Lite/polynomial/polynomial.runs/design_acc_polynomial_ip_0_0_synth_1/design_acc_polynomial_ip_0_0.dcp' has been generated.
INFO: [runtcl-4] Executing : report_utilization -file design_acc_polynomial_ip_0_0_utilization_synth.rpt -pb design_acc_polynomial_ip_0_0_utilization_synth.pb
INFO: [Common 17-206] Exiting Vivado at Sat Jun 25 19:43:04 2022...
