#-----------------------------------------------------------
# Webtalk v2019.1 (64-bit)
# SW Build 2552052 on Fri May 24 14:49:42 MDT 2019
# 
# Start of session at: Sat Jun 18 23:46:45 2022
# Process ID: 4956
# Current directory: C:/Users/Justyna/Desktop/Studies/EiT/semestr1/SDwUP/Project_Polynomial/AXI_Stream/polynomial/polynomial.sdk/webtalk
# Command line: wbtcv.exe -mode batch -source sdk_webtalk.tcl
# Log file: C:/Users/Justyna/Desktop/Studies/EiT/semestr1/SDwUP/Project_Polynomial/AXI_Stream/polynomial/polynomial.sdk/webtalk/webtalk.log
# Journal file: C:/Users/Justyna/Desktop/Studies/EiT/semestr1/SDwUP/Project_Polynomial/AXI_Stream/polynomial/polynomial.sdk/webtalk\webtalk.jou
#-----------------------------------------------------------
source sdk_webtalk.tcl
# webtalk_init -webtalk_dir C:\\Users\\Justyna\\Desktop\\Studies\\EiT\\semestr1\\SDwUP\\Project_Polynomial\\AXI_Stream\\polynomial\\polynomial.sdk\\webtalk
# webtalk_register_client -client project
# webtalk_add_data -client project -key date_generated -value "2022-06-18 23:46:42" -context "software_version_and_target_device"
# webtalk_add_data -client project -key product_version -value "SDK v2019.1" -context "software_version_and_target_device"
# webtalk_add_data -client project -key build_version -value "2019.1" -context "software_version_and_target_device"
# webtalk_add_data -client project -key os_platform -value "amd64" -context "software_version_and_target_device"
# webtalk_add_data -client project -key registration_id -value "" -context "software_version_and_target_device"
# webtalk_add_data -client project -key tool_flow -value "SDK" -context "software_version_and_target_device"
# webtalk_add_data -client project -key beta -value "false" -context "software_version_and_target_device"
# webtalk_add_data -client project -key route_design -value "NA" -context "software_version_and_target_device"
# webtalk_add_data -client project -key target_family -value "NA" -context "software_version_and_target_device"
# webtalk_add_data -client project -key target_device -value "NA" -context "software_version_and_target_device"
# webtalk_add_data -client project -key target_package -value "NA" -context "software_version_and_target_device"
# webtalk_add_data -client project -key target_speed -value "NA" -context "software_version_and_target_device"
# webtalk_add_data -client project -key random_id -value "sl282917nffasdsrvka6e9n9if" -context "software_version_and_target_device"
# webtalk_add_data -client project -key project_id -value "2019.1_12" -context "software_version_and_target_device"
# webtalk_add_data -client project -key project_iteration -value "12" -context "software_version_and_target_device"
# webtalk_add_data -client project -key os_name -value "Microsoft Windows 8 or later , 64-bit" -context "user_environment"
# webtalk_add_data -client project -key os_release -value "major release  (build 9200)" -context "user_environment"
# webtalk_add_data -client project -key cpu_name -value "Intel(R) Core(TM) i5-8265U CPU @ 1.60GHz" -context "user_environment"
# webtalk_add_data -client project -key cpu_speed -value "1800 MHz" -context "user_environment"
# webtalk_add_data -client project -key total_processors -value "1" -context "user_environment"
# webtalk_add_data -client project -key system_ram -value "8.395 GB" -context "user_environment"
# webtalk_register_client -client sdk
# webtalk_add_data -client sdk -key uid -value "1655573975409" -context "sdk\\\\hardware/1655573975409"
# webtalk_add_data -client sdk -key isZynq -value "true" -context "sdk\\\\hardware/1655573975409"
# webtalk_add_data -client sdk -key isZynqMP -value "false" -context "sdk\\\\hardware/1655573975409"
# webtalk_add_data -client sdk -key Processors -value "2" -context "sdk\\\\hardware/1655573975409"
# webtalk_add_data -client sdk -key VivadoVersion -value "2019.1" -context "sdk\\\\hardware/1655573975409"
# webtalk_add_data -client sdk -key Arch -value "zynq" -context "sdk\\\\hardware/1655573975409"
# webtalk_add_data -client sdk -key Device -value "7z020" -context "sdk\\\\hardware/1655573975409"
# webtalk_add_data -client sdk -key IsHandoff -value "true" -context "sdk\\\\hardware/1655573975409"
# webtalk_add_data -client sdk -key os -value "NA" -context "sdk\\\\hardware/1655573975409"
# webtalk_add_data -client sdk -key apptemplate -value "NA" -context "sdk\\\\hardware/1655573975409"
# webtalk_add_data -client sdk -key RecordType -value "HWCreation" -context "sdk\\\\hardware/1655573975409"
# webtalk_add_data -client sdk -key uid -value "1655574056966" -context "sdk\\\\bsp/1655574056966"
# webtalk_add_data -client sdk -key hwid -value "1655573975409" -context "sdk\\\\bsp/1655574056966"
# webtalk_add_data -client sdk -key os -value "standalone" -context "sdk\\\\bsp/1655574056966"
# webtalk_add_data -client sdk -key apptemplate -value "empty_application" -context "sdk\\\\bsp/1655574056966"
# webtalk_add_data -client sdk -key RecordType -value "BSPCreation" -context "sdk\\\\bsp/1655574056966"
# webtalk_add_data -client sdk -key uid -value "1655574061982" -context "sdk\\\\application/1655574061982"
# webtalk_add_data -client sdk -key hwid -value "1655573975409" -context "sdk\\\\application/1655574061982"
# webtalk_add_data -client sdk -key bspid -value "1655574056966" -context "sdk\\\\application/1655574061982"
# webtalk_add_data -client sdk -key newbsp -value "true" -context "sdk\\\\application/1655574061982"
# webtalk_add_data -client sdk -key os -value "standalone" -context "sdk\\\\application/1655574061982"
# webtalk_add_data -client sdk -key apptemplate -value "empty_application" -context "sdk\\\\application/1655574061982"
# webtalk_add_data -client sdk -key RecordType -value "APPCreation" -context "sdk\\\\application/1655574061982"
# webtalk_add_data -client sdk -key LangUsed -value "C" -context "sdk\\\\application/1655574061982"
# webtalk_add_data -client sdk -key Procused -value "ps7_cortexa9" -context "sdk\\\\application/1655574061982"
# webtalk_add_data -client sdk -key projSize -value "324.39453125" -context "sdk\\\\application/1655574061982"
# webtalk_add_data -client sdk -key uid -value "NA" -context "sdk\\\\bsp/1655588802355"
# webtalk_add_data -client sdk -key RecordType -value "ToolUsage" -context "sdk\\\\bsp/1655588802355"
# webtalk_add_data -client sdk -key BootgenCount -value "0" -context "sdk\\\\bsp/1655588802355"
# webtalk_add_data -client sdk -key DebugCount -value "0" -context "sdk\\\\bsp/1655588802355"
# webtalk_add_data -client sdk -key PerfCount -value "0" -context "sdk\\\\bsp/1655588802355"
# webtalk_add_data -client sdk -key FlashCount -value "0" -context "sdk\\\\bsp/1655588802355"
# webtalk_add_data -client sdk -key CrossTriggCount -value "0" -context "sdk\\\\bsp/1655588802355"
# webtalk_add_data -client sdk -key QemuDebugCount -value "0" -context "sdk\\\\bsp/1655588802355"
# webtalk_transmit -clientid 1960026087 -regid "" -xml C:\\Users\\Justyna\\Desktop\\Studies\\EiT\\semestr1\\SDwUP\\Project_Polynomial\\AXI_Stream\\polynomial\\polynomial.sdk\\webtalk\\usage_statistics_ext_sdk.xml -html C:\\Users\\Justyna\\Desktop\\Studies\\EiT\\semestr1\\SDwUP\\Project_Polynomial\\AXI_Stream\\polynomial\\polynomial.sdk\\webtalk\\usage_statistics_ext_sdk.html -wdm C:\\Users\\Justyna\\Desktop\\Studies\\EiT\\semestr1\\SDwUP\\Project_Polynomial\\AXI_Stream\\polynomial\\polynomial.sdk\\webtalk\\sdk_webtalk.wdm -intro "<H3>SDK Usage Report</H3><BR>"
INFO: [Common 17-186] 'C:\Users\Justyna\Desktop\Studies\EiT\semestr1\SDwUP\Project_Polynomial\AXI_Stream\polynomial\polynomial.sdk\webtalk\usage_statistics_ext_sdk.xml' has been successfully sent to Xilinx on Sat Jun 18 23:46:53 2022. For additional details about this file, please refer to the WebTalk help file at D:/Programs/Xilinx/SDK/2019.1/doc/webtalk_introduction.html.
webtalk_transmit: Time (s): cpu = 00:00:00 ; elapsed = 00:00:05 . Memory (MB): peak = 91.504 ; gain = 0.000
# webtalk_terminate
INFO: [Common 17-206] Exiting Webtalk at Sat Jun 18 23:46:53 2022...
