Copyright 1986-2019 Xilinx, Inc. All Rights Reserved.
------------------------------------------------------------------------------------
| Tool Version : Vivado v.2019.1 (win64) Build 2552052 Fri May 24 14:49:42 MDT 2019
| Date         : Sat Jun 25 11:42:00 2022
| Host         : DESKTOP-8IH5T52 running 64-bit major release  (build 9200)
| Command      : upgrade_ip
| Device       : xc7z020clg484-1
------------------------------------------------------------------------------------

Upgrade Log for IP 'stream_acc_design_polynomial_stream_acc_0_0'

1. Summary
----------

SUCCESS in the conversion of stream_acc_design_polynomial_stream_acc_0_0 (xilinx.com:user:polynomial_stream_acc:1.0 (Rev. 24)) to Vivado generation flows.






Copyright 1986-2019 Xilinx, Inc. All Rights Reserved.
------------------------------------------------------------------------------------
| Tool Version : Vivado v.2019.1 (win64) Build 2552052 Fri May 24 14:49:42 MDT 2019
| Date         : Sat Jun 25 11:36:51 2022
| Host         : DESKTOP-8IH5T52 running 64-bit major release  (build 9200)
| Command      : upgrade_ip
| Device       : xc7z020clg484-1
------------------------------------------------------------------------------------

Upgrade Log for IP 'stream_acc_design_polynomial_stream_acc_0_0'

1. Summary
----------

SUCCESS in the conversion of stream_acc_design_polynomial_stream_acc_0_0 (xilinx.com:user:polynomial_stream_acc:1.0 (Rev. 24)) to Vivado generation flows.






Copyright 1986-2019 Xilinx, Inc. All Rights Reserved.
------------------------------------------------------------------------------------
| Tool Version : Vivado v.2019.1 (win64) Build 2552052 Fri May 24 14:49:42 MDT 2019
| Date         : Sat Jun 25 11:22:52 2022
| Host         : DESKTOP-8IH5T52 running 64-bit major release  (build 9200)
| Command      : upgrade_ip
| Device       : xc7z020clg484-1
------------------------------------------------------------------------------------

Upgrade Log for IP 'stream_acc_design_polynomial_stream_acc_0_0'

1. Summary
----------

SUCCESS in the conversion of stream_acc_design_polynomial_stream_acc_0_0 (xilinx.com:user:polynomial_stream_acc:1.0 (Rev. 24)) to Vivado generation flows.






Copyright 1986-2019 Xilinx, Inc. All Rights Reserved.
------------------------------------------------------------------------------------
| Tool Version : Vivado v.2019.1 (win64) Build 2552052 Fri May 24 14:49:42 MDT 2019
| Date         : Sat Jun 25 10:40:35 2022
| Host         : DESKTOP-8IH5T52 running 64-bit major release  (build 9200)
| Command      : upgrade_ip
| Device       : xc7z020clg484-1
------------------------------------------------------------------------------------

Upgrade Log for IP 'stream_acc_design_polynomial_stream_acc_0_0'

1. Summary
----------

SUCCESS in the conversion of stream_acc_design_polynomial_stream_acc_0_0 (xilinx.com:user:polynomial_stream_acc:1.0 (Rev. 24)) to Vivado generation flows.






Copyright 1986-2019 Xilinx, Inc. All Rights Reserved.
------------------------------------------------------------------------------------
| Tool Version : Vivado v.2019.1 (win64) Build 2552052 Fri May 24 14:49:42 MDT 2019
| Date         : Sat Jun 25 10:15:43 2022
| Host         : DESKTOP-8IH5T52 running 64-bit major release  (build 9200)
| Command      : upgrade_ip
| Device       : xc7z020clg484-1
------------------------------------------------------------------------------------

Upgrade Log for IP 'stream_acc_design_polynomial_stream_acc_0_0'

1. Summary
----------

SUCCESS in the conversion of stream_acc_design_polynomial_stream_acc_0_0 (xilinx.com:user:polynomial_stream_acc:1.0 (Rev. 24)) to Vivado generation flows.






Copyright 1986-2019 Xilinx, Inc. All Rights Reserved.
------------------------------------------------------------------------------------
| Tool Version : Vivado v.2019.1 (win64) Build 2552052 Fri May 24 14:49:42 MDT 2019
| Date         : Sat Jun 25 09:53:53 2022
| Host         : DESKTOP-8IH5T52 running 64-bit major release  (build 9200)
| Command      : upgrade_ip
| Device       : xc7z020clg484-1
------------------------------------------------------------------------------------

Upgrade Log for IP 'stream_acc_design_polynomial_stream_acc_0_0'

1. Summary
----------

SUCCESS in the conversion of stream_acc_design_polynomial_stream_acc_0_0 (xilinx.com:user:polynomial_stream_acc:1.0 (Rev. 24)) to Vivado generation flows.






Copyright 1986-2019 Xilinx, Inc. All Rights Reserved.
------------------------------------------------------------------------------------
| Tool Version : Vivado v.2019.1 (win64) Build 2552052 Fri May 24 14:49:42 MDT 2019
| Date         : Mon Jun 20 22:48:08 2022
| Host         : DESKTOP-8IH5T52 running 64-bit major release  (build 9200)
| Command      : upgrade_ip
| Device       : xc7z020clg484-1
------------------------------------------------------------------------------------

Upgrade Log for IP 'stream_acc_design_polynomial_stream_acc_0_0'

1. Summary
----------

SUCCESS in the conversion of stream_acc_design_polynomial_stream_acc_0_0 (xilinx.com:user:polynomial_stream_acc:1.0 (Rev. 24)) to Vivado generation flows.






Copyright 1986-2019 Xilinx, Inc. All Rights Reserved.
------------------------------------------------------------------------------------
| Tool Version : Vivado v.2019.1 (win64) Build 2552052 Fri May 24 14:49:42 MDT 2019
| Date         : Mon Jun 20 22:24:24 2022
| Host         : DESKTOP-8IH5T52 running 64-bit major release  (build 9200)
| Command      : upgrade_ip
| Device       : xc7z020clg484-1
------------------------------------------------------------------------------------

Upgrade Log for IP 'stream_acc_design_polynomial_stream_acc_0_0'

1. Summary
----------

SUCCESS in the conversion of stream_acc_design_polynomial_stream_acc_0_0 (xilinx.com:user:polynomial_stream_acc:1.0 (Rev. 24)) to Vivado generation flows.






Copyright 1986-2019 Xilinx, Inc. All Rights Reserved.
------------------------------------------------------------------------------------
| Tool Version : Vivado v.2019.1 (win64) Build 2552052 Fri May 24 14:49:42 MDT 2019
| Date         : Mon Jun 20 22:22:19 2022
| Host         : DESKTOP-8IH5T52 running 64-bit major release  (build 9200)
| Command      : upgrade_ip
| Device       : xc7z020clg484-1
------------------------------------------------------------------------------------

Upgrade Log for IP 'stream_acc_design_polynomial_stream_acc_0_0'

1. Summary
----------

SUCCESS in the conversion of stream_acc_design_polynomial_stream_acc_0_0 (xilinx.com:user:polynomial_stream_acc:1.0 (Rev. 24)) to Vivado generation flows.






Copyright 1986-2019 Xilinx, Inc. All Rights Reserved.
------------------------------------------------------------------------------------
| Tool Version : Vivado v.2019.1 (win64) Build 2552052 Fri May 24 14:49:42 MDT 2019
| Date         : Mon Jun 20 22:20:03 2022
| Host         : DESKTOP-8IH5T52 running 64-bit major release  (build 9200)
| Command      : upgrade_ip
| Device       : xc7z020clg484-1
------------------------------------------------------------------------------------

Upgrade Log for IP 'stream_acc_design_polynomial_stream_acc_0_0'

1. Summary
----------

SUCCESS in the conversion of stream_acc_design_polynomial_stream_acc_0_0 (xilinx.com:user:polynomial_stream_acc:1.0 (Rev. 24)) to Vivado generation flows.






Copyright 1986-2019 Xilinx, Inc. All Rights Reserved.
------------------------------------------------------------------------------------
| Tool Version : Vivado v.2019.1 (win64) Build 2552052 Fri May 24 14:49:42 MDT 2019
| Date         : Mon Jun 20 22:14:56 2022
| Host         : DESKTOP-8IH5T52 running 64-bit major release  (build 9200)
| Command      : upgrade_ip
| Device       : xc7z020clg484-1
------------------------------------------------------------------------------------

Upgrade Log for IP 'stream_acc_design_polynomial_stream_acc_0_0'

1. Summary
----------

SUCCESS in the conversion of stream_acc_design_polynomial_stream_acc_0_0 (xilinx.com:user:polynomial_stream_acc:1.0 (Rev. 24)) to Vivado generation flows.






Copyright 1986-2019 Xilinx, Inc. All Rights Reserved.
------------------------------------------------------------------------------------
| Tool Version : Vivado v.2019.1 (win64) Build 2552052 Fri May 24 14:49:42 MDT 2019
| Date         : Mon Jun 20 22:08:02 2022
| Host         : DESKTOP-8IH5T52 running 64-bit major release  (build 9200)
| Command      : upgrade_ip
| Device       : xc7z020clg484-1
------------------------------------------------------------------------------------

Upgrade Log for IP 'stream_acc_design_polynomial_stream_acc_0_0'

1. Summary
----------

SUCCESS in the conversion of stream_acc_design_polynomial_stream_acc_0_0 (xilinx.com:user:polynomial_stream_acc:1.0 (Rev. 24)) to Vivado generation flows.






Copyright 1986-2019 Xilinx, Inc. All Rights Reserved.
------------------------------------------------------------------------------------
| Tool Version : Vivado v.2019.1 (win64) Build 2552052 Fri May 24 14:49:42 MDT 2019
| Date         : Mon Jun 20 22:06:24 2022
| Host         : DESKTOP-8IH5T52 running 64-bit major release  (build 9200)
| Command      : upgrade_ip
| Device       : xc7z020clg484-1
------------------------------------------------------------------------------------

Upgrade Log for IP 'stream_acc_design_polynomial_stream_acc_0_0'

1. Summary
----------

SUCCESS in the conversion of stream_acc_design_polynomial_stream_acc_0_0 (xilinx.com:user:polynomial_stream_acc:1.0 (Rev. 24)) to Vivado generation flows.






Copyright 1986-2019 Xilinx, Inc. All Rights Reserved.
------------------------------------------------------------------------------------
| Tool Version : Vivado v.2019.1 (win64) Build 2552052 Fri May 24 14:49:42 MDT 2019
| Date         : Mon Jun 20 21:59:59 2022
| Host         : DESKTOP-8IH5T52 running 64-bit major release  (build 9200)
| Command      : upgrade_ip
| Device       : xc7z020clg484-1
------------------------------------------------------------------------------------

Upgrade Log for IP 'stream_acc_design_polynomial_stream_acc_0_0'

1. Summary
----------

SUCCESS in the conversion of stream_acc_design_polynomial_stream_acc_0_0 (xilinx.com:user:polynomial_stream_acc:1.0 (Rev. 24)) to Vivado generation flows.






Copyright 1986-2019 Xilinx, Inc. All Rights Reserved.
------------------------------------------------------------------------------------
| Tool Version : Vivado v.2019.1 (win64) Build 2552052 Fri May 24 14:49:42 MDT 2019
| Date         : Mon Jun 20 21:53:43 2022
| Host         : DESKTOP-8IH5T52 running 64-bit major release  (build 9200)
| Command      : upgrade_ip
| Device       : xc7z020clg484-1
------------------------------------------------------------------------------------

Upgrade Log for IP 'stream_acc_design_polynomial_stream_acc_0_0'

1. Summary
----------

SUCCESS in the conversion of stream_acc_design_polynomial_stream_acc_0_0 (xilinx.com:user:polynomial_stream_acc:1.0 (Rev. 24)) to Vivado generation flows.






Copyright 1986-2019 Xilinx, Inc. All Rights Reserved.
------------------------------------------------------------------------------------
| Tool Version : Vivado v.2019.1 (win64) Build 2552052 Fri May 24 14:49:42 MDT 2019
| Date         : Mon Jun 20 21:39:15 2022
| Host         : DESKTOP-8IH5T52 running 64-bit major release  (build 9200)
| Command      : upgrade_ip
| Device       : xc7z020clg484-1
------------------------------------------------------------------------------------

Upgrade Log for IP 'stream_acc_design_polynomial_stream_acc_0_0'

1. Summary
----------

SUCCESS in the conversion of stream_acc_design_polynomial_stream_acc_0_0 (xilinx.com:user:polynomial_stream_acc:1.0 (Rev. 24)) to Vivado generation flows.






Copyright 1986-2019 Xilinx, Inc. All Rights Reserved.
------------------------------------------------------------------------------------
| Tool Version : Vivado v.2019.1 (win64) Build 2552052 Fri May 24 14:49:42 MDT 2019
| Date         : Mon Jun 20 20:20:16 2022
| Host         : DESKTOP-8IH5T52 running 64-bit major release  (build 9200)
| Command      : upgrade_ip
| Device       : xc7z020clg484-1
------------------------------------------------------------------------------------

Upgrade Log for IP 'stream_acc_design_polynomial_stream_acc_0_0'

1. Summary
----------

SUCCESS in the conversion of stream_acc_design_polynomial_stream_acc_0_0 (xilinx.com:user:polynomial_stream_acc:1.0 (Rev. 24)) to Vivado generation flows.






Copyright 1986-2019 Xilinx, Inc. All Rights Reserved.
------------------------------------------------------------------------------------
| Tool Version : Vivado v.2019.1 (win64) Build 2552052 Fri May 24 14:49:42 MDT 2019
| Date         : Sun Jun 19 16:11:07 2022
| Host         : DESKTOP-8IH5T52 running 64-bit major release  (build 9200)
| Command      : upgrade_ip
| Device       : xc7z020clg484-1
------------------------------------------------------------------------------------

Upgrade Log for IP 'stream_acc_design_polynomial_stream_acc_0_0'

1. Summary
----------

SUCCESS in the conversion of stream_acc_design_polynomial_stream_acc_0_0 (xilinx.com:user:polynomial_stream_acc:1.0 (Rev. 24)) to Vivado generation flows.






Copyright 1986-2019 Xilinx, Inc. All Rights Reserved.
------------------------------------------------------------------------------------
| Tool Version : Vivado v.2019.1 (win64) Build 2552052 Fri May 24 14:49:42 MDT 2019
| Date         : Sun Jun 19 15:51:15 2022
| Host         : DESKTOP-8IH5T52 running 64-bit major release  (build 9200)
| Command      : upgrade_ip
| Device       : xc7z020clg484-1
------------------------------------------------------------------------------------

Upgrade Log for IP 'stream_acc_design_polynomial_stream_acc_0_0'

1. Summary
----------

SUCCESS in the conversion of stream_acc_design_polynomial_stream_acc_0_0 (xilinx.com:user:polynomial_stream_acc:1.0 (Rev. 24)) to Vivado generation flows.






Copyright 1986-2019 Xilinx, Inc. All Rights Reserved.
------------------------------------------------------------------------------------
| Tool Version : Vivado v.2019.1 (win64) Build 2552052 Fri May 24 14:49:42 MDT 2019
| Date         : Sun Jun 19 14:27:36 2022
| Host         : DESKTOP-8IH5T52 running 64-bit major release  (build 9200)
| Command      : upgrade_ip
| Device       : xc7z020clg484-1
------------------------------------------------------------------------------------

Upgrade Log for IP 'stream_acc_design_polynomial_stream_acc_0_0'

1. Summary
----------

SUCCESS in the conversion of stream_acc_design_polynomial_stream_acc_0_0 (xilinx.com:user:polynomial_stream_acc:1.0 (Rev. 24)) to Vivado generation flows.






Copyright 1986-2019 Xilinx, Inc. All Rights Reserved.
------------------------------------------------------------------------------------
| Tool Version : Vivado v.2019.1 (win64) Build 2552052 Fri May 24 14:49:42 MDT 2019
| Date         : Sun Jun 19 11:45:07 2022
| Host         : DESKTOP-8IH5T52 running 64-bit major release  (build 9200)
| Command      : upgrade_ip
| Device       : xc7z020clg484-1
------------------------------------------------------------------------------------

Upgrade Log for IP 'stream_acc_design_polynomial_stream_acc_0_0'

1. Summary
----------

SUCCESS in the conversion of stream_acc_design_polynomial_stream_acc_0_0 (xilinx.com:user:polynomial_stream_acc:1.0 (Rev. 24)) to Vivado generation flows.






Copyright 1986-2019 Xilinx, Inc. All Rights Reserved.
------------------------------------------------------------------------------------
| Tool Version : Vivado v.2019.1 (win64) Build 2552052 Fri May 24 14:49:42 MDT 2019
| Date         : Sun Jun 19 09:53:31 2022
| Host         : DESKTOP-8IH5T52 running 64-bit major release  (build 9200)
| Command      : upgrade_ip
| Device       : xc7z020clg484-1
------------------------------------------------------------------------------------

Upgrade Log for IP 'stream_acc_design_polynomial_stream_acc_0_0'

1. Summary
----------

SUCCESS in the conversion of stream_acc_design_polynomial_stream_acc_0_0 (xilinx.com:user:polynomial_stream_acc:1.0 (Rev. 24)) to Vivado generation flows.






Copyright 1986-2019 Xilinx, Inc. All Rights Reserved.
------------------------------------------------------------------------------------
| Tool Version : Vivado v.2019.1 (win64) Build 2552052 Fri May 24 14:49:42 MDT 2019
| Date         : Sun Jun 19 09:23:35 2022
| Host         : DESKTOP-8IH5T52 running 64-bit major release  (build 9200)
| Command      : upgrade_ip
| Device       : xc7z020clg484-1
------------------------------------------------------------------------------------

Upgrade Log for IP 'stream_acc_design_polynomial_stream_acc_0_0'

1. Summary
----------

SUCCESS in the conversion of stream_acc_design_polynomial_stream_acc_0_0 (xilinx.com:user:polynomial_stream_acc:1.0 (Rev. 24)) to Vivado generation flows.






Copyright 1986-2019 Xilinx, Inc. All Rights Reserved.
------------------------------------------------------------------------------------
| Tool Version : Vivado v.2019.1 (win64) Build 2552052 Fri May 24 14:49:42 MDT 2019
| Date         : Sun Jun 19 02:06:11 2022
| Host         : DESKTOP-8IH5T52 running 64-bit major release  (build 9200)
| Command      : upgrade_ip
| Device       : xc7z020clg484-1
------------------------------------------------------------------------------------

Upgrade Log for IP 'stream_acc_design_polynomial_stream_acc_0_0'

1. Summary
----------

SUCCESS in the conversion of stream_acc_design_polynomial_stream_acc_0_0 (xilinx.com:user:polynomial_stream_acc:1.0 (Rev. 24)) to Vivado generation flows.






Copyright 1986-2019 Xilinx, Inc. All Rights Reserved.
------------------------------------------------------------------------------------
| Tool Version : Vivado v.2019.1 (win64) Build 2552052 Fri May 24 14:49:42 MDT 2019
| Date         : Sun Jun 19 01:52:36 2022
| Host         : DESKTOP-8IH5T52 running 64-bit major release  (build 9200)
| Command      : upgrade_ip
| Device       : xc7z020clg484-1
------------------------------------------------------------------------------------

Upgrade Log for IP 'stream_acc_design_polynomial_stream_acc_0_0'

1. Summary
----------

SUCCESS in the conversion of stream_acc_design_polynomial_stream_acc_0_0 (xilinx.com:user:polynomial_stream_acc:1.0 (Rev. 24)) to Vivado generation flows.






Copyright 1986-2019 Xilinx, Inc. All Rights Reserved.
------------------------------------------------------------------------------------
| Tool Version : Vivado v.2019.1 (win64) Build 2552052 Fri May 24 14:49:42 MDT 2019
| Date         : Sun Jun 19 00:21:00 2022
| Host         : DESKTOP-8IH5T52 running 64-bit major release  (build 9200)
| Command      : upgrade_ip
| Device       : xc7z020clg484-1
------------------------------------------------------------------------------------

Upgrade Log for IP 'stream_acc_design_polynomial_stream_acc_0_0'

1. Summary
----------

SUCCESS in the conversion of stream_acc_design_polynomial_stream_acc_0_0 (xilinx.com:user:polynomial_stream_acc:1.0 (Rev. 24)) to Vivado generation flows.






Copyright 1986-2019 Xilinx, Inc. All Rights Reserved.
------------------------------------------------------------------------------------
| Tool Version : Vivado v.2019.1 (win64) Build 2552052 Fri May 24 14:49:42 MDT 2019
| Date         : Sat Jun 18 23:41:28 2022
| Host         : DESKTOP-8IH5T52 running 64-bit major release  (build 9200)
| Command      : upgrade_ip
| Device       : xc7z020clg484-1
------------------------------------------------------------------------------------

Upgrade Log for IP 'stream_acc_design_polynomial_stream_acc_0_0'

1. Summary
----------

SUCCESS in the conversion of stream_acc_design_polynomial_stream_acc_0_0 (xilinx.com:user:polynomial_stream_acc:1.0 (Rev. 24)) to Vivado generation flows.






Copyright 1986-2019 Xilinx, Inc. All Rights Reserved.
------------------------------------------------------------------------------------
| Tool Version : Vivado v.2019.1 (win64) Build 2552052 Fri May 24 14:49:42 MDT 2019
| Date         : Sat Jun 18 23:37:47 2022
| Host         : DESKTOP-8IH5T52 running 64-bit major release  (build 9200)
| Command      : upgrade_ip
| Device       : xc7z020clg484-1
------------------------------------------------------------------------------------

Upgrade Log for IP 'stream_acc_design_polynomial_stream_acc_0_0'

1. Summary
----------

SUCCESS in the conversion of stream_acc_design_polynomial_stream_acc_0_0 (xilinx.com:user:polynomial_stream_acc:1.0 (Rev. 24)) to Vivado generation flows.






Copyright 1986-2019 Xilinx, Inc. All Rights Reserved.
------------------------------------------------------------------------------------
| Tool Version : Vivado v.2019.1 (win64) Build 2552052 Fri May 24 14:49:42 MDT 2019
| Date         : Sat Jun 18 19:25:59 2022
| Host         : DESKTOP-8IH5T52 running 64-bit major release  (build 9200)
| Command      : upgrade_ip
| Device       : xc7z020clg484-1
------------------------------------------------------------------------------------

Upgrade Log for IP 'stream_acc_design_polynomial_stream_acc_0_0'

1. Summary
----------

SUCCESS in the conversion of stream_acc_design_polynomial_stream_acc_0_0 (xilinx.com:user:polynomial_stream_acc:1.0 (Rev. 24)) to Vivado generation flows.






Copyright 1986-2019 Xilinx, Inc. All Rights Reserved.
------------------------------------------------------------------------------------
| Tool Version : Vivado v.2019.1 (win64) Build 2552052 Fri May 24 14:49:42 MDT 2019
| Date         : Sat Jun 18 18:55:56 2022
| Host         : DESKTOP-8IH5T52 running 64-bit major release  (build 9200)
| Command      : upgrade_ip
| Device       : xc7z020clg484-1
------------------------------------------------------------------------------------

Upgrade Log for IP 'stream_acc_design_polynomial_stream_acc_0_0'

1. Summary
----------

SUCCESS in the conversion of stream_acc_design_polynomial_stream_acc_0_0 (xilinx.com:user:polynomial_stream_acc:1.0 (Rev. 24)) to Vivado generation flows.






Copyright 1986-2019 Xilinx, Inc. All Rights Reserved.
------------------------------------------------------------------------------------
| Tool Version : Vivado v.2019.1 (win64) Build 2552052 Fri May 24 14:49:42 MDT 2019
| Date         : Sat Jun 18 18:45:50 2022
| Host         : DESKTOP-8IH5T52 running 64-bit major release  (build 9200)
| Command      : upgrade_ip
| Device       : xc7z020clg484-1
------------------------------------------------------------------------------------

Upgrade Log for IP 'stream_acc_design_polynomial_stream_acc_0_0'

1. Summary
----------

SUCCESS in the upgrade of stream_acc_design_polynomial_stream_acc_0_0 (xilinx.com:user:polynomial_stream_acc:1.0) from (Rev. 23) to (Rev. 24)

