#-----------------------------------------------------------
# Vivado v2019.1 (64-bit)
# SW Build 2552052 on Fri May 24 14:49:42 MDT 2019
# IP Build 2548770 on Fri May 24 18:01:18 MDT 2019
# Start of session at: Mon Jun 20 16:59:31 2022
# Process ID: 3332
# Current directory: C:/Users/Justyna/Desktop/Studies/EiT/semestr1/SDwUP/Project_Polynomial/AXI_Stream/polynomial
# Command line: vivado.exe -gui_launcher_event rodinguilauncherevent1088 C:\Users\Justyna\Desktop\Studies\EiT\semestr1\SDwUP\Project_Polynomial\AXI_Stream\polynomial\polynomial.xpr
# Log file: C:/Users/Justyna/Desktop/Studies/EiT/semestr1/SDwUP/Project_Polynomial/AXI_Stream/polynomial/vivado.log
# Journal file: C:/Users/Justyna/Desktop/Studies/EiT/semestr1/SDwUP/Project_Polynomial/AXI_Stream/polynomial\vivado.jou
#-----------------------------------------------------------
start_gui
open_project C:/Users/Justyna/Desktop/Studies/EiT/semestr1/SDwUP/Project_Polynomial/AXI_Stream/polynomial/polynomial.xpr
INFO: [ProjectBase 1-489] The host OS only allows 260 characters in a normal path. The project is stored in a path with more than 80 characters. If you experience issues with IP, Block Designs, or files not being found, please consider moving the project to a location with a shorter path. Alternately consider using the OS subst command to map part of the path to a drive letter.
Current project path is 'C:/Users/Justyna/Desktop/Studies/EiT/semestr1/SDwUP/Project_Polynomial/AXI_Stream/polynomial'
Scanning sources...
Finished scanning sources
INFO: [IP_Flow 19-234] Refreshing IP repositories
INFO: [IP_Flow 19-1700] Loaded user IP repository 'c:/Users/Justyna/Desktop/Studies/EiT/semestr1/SDwUP/Project_Polynomial/AXI_Stream/ip_repo/polynomial_stream_acc_1.0'.
INFO: [IP_Flow 19-2313] Loaded Vivado IP repository 'D:/Programs/Xilinx/Vivado/2019.1/data/ip'.
open_project: Time (s): cpu = 00:00:47 ; elapsed = 00:00:28 . Memory (MB): peak = 844.793 ; gain = 230.023
update_compile_order -fileset sources_1
launch_sdk -workspace C:/Users/Justyna/Desktop/Studies/EiT/semestr1/SDwUP/Project_Polynomial/AXI_Stream/polynomial/polynomial.sdk -hwspec C:/Users/Justyna/Desktop/Studies/EiT/semestr1/SDwUP/Project_Polynomial/AXI_Stream/polynomial/polynomial.sdk/stream_acc_design_wrapper.hdf
INFO: [Vivado 12-393] Launching SDK...
INFO: [Vivado 12-417] Running xsdk -workspace C:/Users/Justyna/Desktop/Studies/EiT/semestr1/SDwUP/Project_Polynomial/AXI_Stream/polynomial/polynomial.sdk -hwspec C:/Users/Justyna/Desktop/Studies/EiT/semestr1/SDwUP/Project_Polynomial/AXI_Stream/polynomial/polynomial.sdk/stream_acc_design_wrapper.hdf
INFO: [Vivado 12-3157] SDK launch initiated. Please check console for any further messages.
exit
INFO: [Common 17-206] Exiting Vivado at Mon Jun 20 17:12:02 2022...
