#-----------------------------------------------------------
# Vivado v2019.1 (64-bit)
# SW Build 2552052 on Fri May 24 14:49:42 MDT 2019
# IP Build 2548770 on Fri May 24 18:01:18 MDT 2019
# Start of session at: Mon Jun 20 20:17:37 2022
# Process ID: 9728
# Current directory: C:/Users/Justyna/Desktop/Studies/EiT/semestr1/SDwUP/Project_Polynomial/AXI_Stream/polynomial
# Command line: vivado.exe -gui_launcher_event rodinguilauncherevent9628 C:\Users\Justyna\Desktop\Studies\EiT\semestr1\SDwUP\Project_Polynomial\AXI_Stream\polynomial\polynomial.xpr
# Log file: C:/Users/Justyna/Desktop/Studies/EiT/semestr1/SDwUP/Project_Polynomial/AXI_Stream/polynomial/vivado.log
# Journal file: C:/Users/Justyna/Desktop/Studies/EiT/semestr1/SDwUP/Project_Polynomial/AXI_Stream/polynomial\vivado.jou
#-----------------------------------------------------------
start_gui
open_project C:/Users/Justyna/Desktop/Studies/EiT/semestr1/SDwUP/Project_Polynomial/AXI_Stream/polynomial/polynomial.xpr
INFO: [ProjectBase 1-489] The host OS only allows 260 characters in a normal path. The project is stored in a path with more than 80 characters. If you experience issues with IP, Block Designs, or files not being found, please consider moving the project to a location with a shorter path. Alternately consider using the OS subst command to map part of the path to a drive letter.
Current project path is 'C:/Users/Justyna/Desktop/Studies/EiT/semestr1/SDwUP/Project_Polynomial/AXI_Stream/polynomial'
Scanning sources...
Finished scanning sources
INFO: [IP_Flow 19-234] Refreshing IP repositories
INFO: [IP_Flow 19-1700] Loaded user IP repository 'c:/Users/Justyna/Desktop/Studies/EiT/semestr1/SDwUP/Project_Polynomial/AXI_Stream/ip_repo/polynomial_stream_acc_1.0'.
INFO: [IP_Flow 19-2313] Loaded Vivado IP repository 'D:/Programs/Xilinx/Vivado/2019.1/data/ip'.
open_project: Time (s): cpu = 00:00:49 ; elapsed = 00:00:28 . Memory (MB): peak = 857.945 ; gain = 190.336
update_compile_order -fileset sources_1
open_bd_design {C:/Users/Justyna/Desktop/Studies/EiT/semestr1/SDwUP/Project_Polynomial/AXI_Stream/polynomial/polynomial.srcs/sources_1/bd/stream_acc_design/stream_acc_design.bd}
Adding component instance block -- xilinx.com:ip:axi_fifo_mm_s:4.2 - axi_fifo_mm_s_0
Adding component instance block -- xilinx.com:ip:processing_system7:5.5 - processing_system7_0
Adding component instance block -- xilinx.com:ip:proc_sys_reset:5.0 - rst_ps7_0_100M
Adding component instance block -- xilinx.com:ip:axi_interconnect:2.1 - ps7_0_axi_periph
Adding component instance block -- xilinx.com:ip:axi_protocol_converter:2.1 - auto_pc
Adding component instance block -- xilinx.com:user:polynomial_stream_acc:1.0 - polynomial_stream_acc_0
Successfully read diagram <stream_acc_design> from BD file <C:/Users/Justyna/Desktop/Studies/EiT/semestr1/SDwUP/Project_Polynomial/AXI_Stream/polynomial/polynomial.srcs/sources_1/bd/stream_acc_design/stream_acc_design.bd>
open_bd_design: Time (s): cpu = 00:00:20 ; elapsed = 00:00:19 . Memory (MB): peak = 1098.832 ; gain = 10.531
update_ip_catalog -rebuild -scan_changes
INFO: [IP_Flow 19-234] Refreshing IP repositories
INFO: [IP_Flow 19-1700] Loaded user IP repository 'c:/Users/Justyna/Desktop/Studies/EiT/semestr1/SDwUP/Project_Polynomial/AXI_Stream/ip_repo/polynomial_stream_acc_1.0'.
report_ip_status -name ip_status
upgrade_ip -vlnv xilinx.com:user:polynomial_stream_acc:1.0 [get_ips  stream_acc_design_polynomial_stream_acc_0_0] -log ip_upgrade.log
Upgrading 'C:/Users/Justyna/Desktop/Studies/EiT/semestr1/SDwUP/Project_Polynomial/AXI_Stream/polynomial/polynomial.srcs/sources_1/bd/stream_acc_design/stream_acc_design.bd'
INFO: [IP_Flow 19-3420] Updated stream_acc_design_polynomial_stream_acc_0_0 to use current project options
Wrote  : <C:\Users\Justyna\Desktop\Studies\EiT\semestr1\SDwUP\Project_Polynomial\AXI_Stream\polynomial\polynomial.srcs\sources_1\bd\stream_acc_design\stream_acc_design.bd> 
Wrote  : <C:/Users/Justyna/Desktop/Studies/EiT/semestr1/SDwUP/Project_Polynomial/AXI_Stream/polynomial/polynomial.srcs/sources_1/bd/stream_acc_design/ui/bd_bd19309b.ui> 
INFO: [Coretcl 2-1525] Wrote upgrade log to 'C:/Users/Justyna/Desktop/Studies/EiT/semestr1/SDwUP/Project_Polynomial/AXI_Stream/polynomial/ip_upgrade.log'.
export_ip_user_files -of_objects [get_ips stream_acc_design_polynomial_stream_acc_0_0] -no_script -sync -force -quiet
generate_target all [get_files  C:/Users/Justyna/Desktop/Studies/EiT/semestr1/SDwUP/Project_Polynomial/AXI_Stream/polynomial/polynomial.srcs/sources_1/bd/stream_acc_design/stream_acc_design.bd]
Wrote  : <C:\Users\Justyna\Desktop\Studies\EiT\semestr1\SDwUP\Project_Polynomial\AXI_Stream\polynomial\polynomial.srcs\sources_1\bd\stream_acc_design\stream_acc_design.bd> 
VHDL Output written to : C:/Users/Justyna/Desktop/Studies/EiT/semestr1/SDwUP/Project_Polynomial/AXI_Stream/polynomial/polynomial.srcs/sources_1/bd/stream_acc_design/synth/stream_acc_design.v
VHDL Output written to : C:/Users/Justyna/Desktop/Studies/EiT/semestr1/SDwUP/Project_Polynomial/AXI_Stream/polynomial/polynomial.srcs/sources_1/bd/stream_acc_design/sim/stream_acc_design.v
VHDL Output written to : C:/Users/Justyna/Desktop/Studies/EiT/semestr1/SDwUP/Project_Polynomial/AXI_Stream/polynomial/polynomial.srcs/sources_1/bd/stream_acc_design/hdl/stream_acc_design_wrapper.v
INFO: [BD 41-1029] Generation completed for the IP Integrator block polynomial_stream_acc_0 .
INFO: [BD 41-1029] Generation completed for the IP Integrator block axi_fifo_mm_s_0 .
INFO: [BD 41-1029] Generation completed for the IP Integrator block processing_system7_0 .
INFO: [BD 41-1029] Generation completed for the IP Integrator block rst_ps7_0_100M .
WARNING: [IP_Flow 19-4994] Overwriting existing constraint file 'c:/Users/Justyna/Desktop/Studies/EiT/semestr1/SDwUP/Project_Polynomial/AXI_Stream/polynomial/polynomial.srcs/sources_1/bd/stream_acc_design/ip/stream_acc_design_auto_pc_0/stream_acc_design_auto_pc_0_ooc.xdc'
INFO: [BD 41-1029] Generation completed for the IP Integrator block ps7_0_axi_periph/s00_couplers/auto_pc .
Exporting to file C:/Users/Justyna/Desktop/Studies/EiT/semestr1/SDwUP/Project_Polynomial/AXI_Stream/polynomial/polynomial.srcs/sources_1/bd/stream_acc_design/hw_handoff/stream_acc_design.hwh
Generated Block Design Tcl file C:/Users/Justyna/Desktop/Studies/EiT/semestr1/SDwUP/Project_Polynomial/AXI_Stream/polynomial/polynomial.srcs/sources_1/bd/stream_acc_design/hw_handoff/stream_acc_design_bd.tcl
Generated Hardware Definition File C:/Users/Justyna/Desktop/Studies/EiT/semestr1/SDwUP/Project_Polynomial/AXI_Stream/polynomial/polynomial.srcs/sources_1/bd/stream_acc_design/synth/stream_acc_design.hwdef
generate_target: Time (s): cpu = 00:00:06 ; elapsed = 00:00:06 . Memory (MB): peak = 1323.449 ; gain = 123.770
catch { config_ip_cache -export [get_ips -all stream_acc_design_polynomial_stream_acc_0_0] }
INFO: [IP_Flow 19-4993] Using cached IP synthesis design for IP stream_acc_design_polynomial_stream_acc_0_0, cache-ID = ef62e8827e655d25; cache size = 1.714 MB.
catch { config_ip_cache -export [get_ips -all stream_acc_design_auto_pc_0] }
INFO: [IP_Flow 19-4993] Using cached IP synthesis design for IP stream_acc_design_auto_pc_0, cache-ID = c7981aa4510def98; cache size = 1.714 MB.
export_ip_user_files -of_objects [get_files C:/Users/Justyna/Desktop/Studies/EiT/semestr1/SDwUP/Project_Polynomial/AXI_Stream/polynomial/polynomial.srcs/sources_1/bd/stream_acc_design/stream_acc_design.bd] -no_script -sync -force -quiet
create_ip_run [get_files -of_objects [get_fileset sources_1] C:/Users/Justyna/Desktop/Studies/EiT/semestr1/SDwUP/Project_Polynomial/AXI_Stream/polynomial/polynomial.srcs/sources_1/bd/stream_acc_design/stream_acc_design.bd]
export_simulation -of_objects [get_files C:/Users/Justyna/Desktop/Studies/EiT/semestr1/SDwUP/Project_Polynomial/AXI_Stream/polynomial/polynomial.srcs/sources_1/bd/stream_acc_design/stream_acc_design.bd] -directory C:/Users/Justyna/Desktop/Studies/EiT/semestr1/SDwUP/Project_Polynomial/AXI_Stream/polynomial/polynomial.ip_user_files/sim_scripts -ip_user_files_dir C:/Users/Justyna/Desktop/Studies/EiT/semestr1/SDwUP/Project_Polynomial/AXI_Stream/polynomial/polynomial.ip_user_files -ipstatic_source_dir C:/Users/Justyna/Desktop/Studies/EiT/semestr1/SDwUP/Project_Polynomial/AXI_Stream/polynomial/polynomial.ip_user_files/ipstatic -lib_map_path [list {modelsim=C:/Users/Justyna/Desktop/Studies/EiT/semestr1/SDwUP/Project_Polynomial/AXI_Stream/polynomial/polynomial.cache/compile_simlib/modelsim} {questa=C:/Users/Justyna/Desktop/Studies/EiT/semestr1/SDwUP/Project_Polynomial/AXI_Stream/polynomial/polynomial.cache/compile_simlib/questa} {riviera=C:/Users/Justyna/Desktop/Studies/EiT/semestr1/SDwUP/Project_Polynomial/AXI_Stream/polynomial/polynomial.cache/compile_simlib/riviera} {activehdl=C:/Users/Justyna/Desktop/Studies/EiT/semestr1/SDwUP/Project_Polynomial/AXI_Stream/polynomial/polynomial.cache/compile_simlib/activehdl}] -use_ip_compiled_libs -force -quiet
reset_run synth_1
launch_runs synth_1 -jobs 8
[Mon Jun 20 20:21:57 2022] Launched synth_1...
Run output will be captured here: C:/Users/Justyna/Desktop/Studies/EiT/semestr1/SDwUP/Project_Polynomial/AXI_Stream/polynomial/polynomial.runs/synth_1/runme.log
launch_runs impl_1 -jobs 8
[Mon Jun 20 20:24:57 2022] Launched impl_1...
Run output will be captured here: C:/Users/Justyna/Desktop/Studies/EiT/semestr1/SDwUP/Project_Polynomial/AXI_Stream/polynomial/polynomial.runs/impl_1/runme.log
launch_runs impl_1 -to_step write_bitstream -jobs 8
[Mon Jun 20 20:31:02 2022] Launched impl_1...
Run output will be captured here: C:/Users/Justyna/Desktop/Studies/EiT/semestr1/SDwUP/Project_Polynomial/AXI_Stream/polynomial/polynomial.runs/impl_1/runme.log
file copy -force C:/Users/Justyna/Desktop/Studies/EiT/semestr1/SDwUP/Project_Polynomial/AXI_Stream/polynomial/polynomial.runs/impl_1/stream_acc_design_wrapper.sysdef C:/Users/Justyna/Desktop/Studies/EiT/semestr1/SDwUP/Project_Polynomial/AXI_Stream/polynomial/polynomial.sdk/stream_acc_design_wrapper.hdf

launch_sdk -workspace C:/Users/Justyna/Desktop/Studies/EiT/semestr1/SDwUP/Project_Polynomial/AXI_Stream/polynomial/polynomial.sdk -hwspec C:/Users/Justyna/Desktop/Studies/EiT/semestr1/SDwUP/Project_Polynomial/AXI_Stream/polynomial/polynomial.sdk/stream_acc_design_wrapper.hdf
INFO: [Vivado 12-393] Launching SDK...
INFO: [Vivado 12-417] Running xsdk -workspace C:/Users/Justyna/Desktop/Studies/EiT/semestr1/SDwUP/Project_Polynomial/AXI_Stream/polynomial/polynomial.sdk -hwspec C:/Users/Justyna/Desktop/Studies/EiT/semestr1/SDwUP/Project_Polynomial/AXI_Stream/polynomial/polynomial.sdk/stream_acc_design_wrapper.hdf
INFO: [Vivado 12-3157] SDK launch initiated. Please check console for any further messages.
update_ip_catalog -rebuild -scan_changes
INFO: [IP_Flow 19-234] Refreshing IP repositories
INFO: [IP_Flow 19-1700] Loaded user IP repository 'c:/Users/Justyna/Desktop/Studies/EiT/semestr1/SDwUP/Project_Polynomial/AXI_Stream/ip_repo/polynomial_stream_acc_1.0'.
report_ip_status -name ip_status
upgrade_ip -vlnv xilinx.com:user:polynomial_stream_acc:1.0 [get_ips  stream_acc_design_polynomial_stream_acc_0_0] -log ip_upgrade.log
Upgrading 'C:/Users/Justyna/Desktop/Studies/EiT/semestr1/SDwUP/Project_Polynomial/AXI_Stream/polynomial/polynomial.srcs/sources_1/bd/stream_acc_design/stream_acc_design.bd'
INFO: [IP_Flow 19-3420] Updated stream_acc_design_polynomial_stream_acc_0_0 to use current project options
Wrote  : <C:\Users\Justyna\Desktop\Studies\EiT\semestr1\SDwUP\Project_Polynomial\AXI_Stream\polynomial\polynomial.srcs\sources_1\bd\stream_acc_design\stream_acc_design.bd> 
INFO: [Coretcl 2-1525] Wrote upgrade log to 'C:/Users/Justyna/Desktop/Studies/EiT/semestr1/SDwUP/Project_Polynomial/AXI_Stream/polynomial/ip_upgrade.log'.
export_ip_user_files -of_objects [get_ips stream_acc_design_polynomial_stream_acc_0_0] -no_script -sync -force -quiet
generate_target all [get_files  C:/Users/Justyna/Desktop/Studies/EiT/semestr1/SDwUP/Project_Polynomial/AXI_Stream/polynomial/polynomial.srcs/sources_1/bd/stream_acc_design/stream_acc_design.bd]
Wrote  : <C:\Users\Justyna\Desktop\Studies\EiT\semestr1\SDwUP\Project_Polynomial\AXI_Stream\polynomial\polynomial.srcs\sources_1\bd\stream_acc_design\stream_acc_design.bd> 
VHDL Output written to : C:/Users/Justyna/Desktop/Studies/EiT/semestr1/SDwUP/Project_Polynomial/AXI_Stream/polynomial/polynomial.srcs/sources_1/bd/stream_acc_design/synth/stream_acc_design.v
VHDL Output written to : C:/Users/Justyna/Desktop/Studies/EiT/semestr1/SDwUP/Project_Polynomial/AXI_Stream/polynomial/polynomial.srcs/sources_1/bd/stream_acc_design/sim/stream_acc_design.v
VHDL Output written to : C:/Users/Justyna/Desktop/Studies/EiT/semestr1/SDwUP/Project_Polynomial/AXI_Stream/polynomial/polynomial.srcs/sources_1/bd/stream_acc_design/hdl/stream_acc_design_wrapper.v
INFO: [BD 41-1029] Generation completed for the IP Integrator block polynomial_stream_acc_0 .
INFO: [BD 41-1029] Generation completed for the IP Integrator block axi_fifo_mm_s_0 .
INFO: [BD 41-1029] Generation completed for the IP Integrator block processing_system7_0 .
INFO: [BD 41-1029] Generation completed for the IP Integrator block rst_ps7_0_100M .
WARNING: [IP_Flow 19-4994] Overwriting existing constraint file 'c:/Users/Justyna/Desktop/Studies/EiT/semestr1/SDwUP/Project_Polynomial/AXI_Stream/polynomial/polynomial.srcs/sources_1/bd/stream_acc_design/ip/stream_acc_design_auto_pc_0/stream_acc_design_auto_pc_0_ooc.xdc'
INFO: [BD 41-1029] Generation completed for the IP Integrator block ps7_0_axi_periph/s00_couplers/auto_pc .
Exporting to file C:/Users/Justyna/Desktop/Studies/EiT/semestr1/SDwUP/Project_Polynomial/AXI_Stream/polynomial/polynomial.srcs/sources_1/bd/stream_acc_design/hw_handoff/stream_acc_design.hwh
Generated Block Design Tcl file C:/Users/Justyna/Desktop/Studies/EiT/semestr1/SDwUP/Project_Polynomial/AXI_Stream/polynomial/polynomial.srcs/sources_1/bd/stream_acc_design/hw_handoff/stream_acc_design_bd.tcl
Generated Hardware Definition File C:/Users/Justyna/Desktop/Studies/EiT/semestr1/SDwUP/Project_Polynomial/AXI_Stream/polynomial/polynomial.srcs/sources_1/bd/stream_acc_design/synth/stream_acc_design.hwdef
catch { config_ip_cache -export [get_ips -all stream_acc_design_polynomial_stream_acc_0_0] }
catch { config_ip_cache -export [get_ips -all stream_acc_design_auto_pc_0] }
INFO: [IP_Flow 19-4993] Using cached IP synthesis design for IP stream_acc_design_auto_pc_0, cache-ID = c7981aa4510def98; cache size = 1.115 MB.
export_ip_user_files -of_objects [get_files C:/Users/Justyna/Desktop/Studies/EiT/semestr1/SDwUP/Project_Polynomial/AXI_Stream/polynomial/polynomial.srcs/sources_1/bd/stream_acc_design/stream_acc_design.bd] -no_script -sync -force -quiet
create_ip_run [get_files -of_objects [get_fileset sources_1] C:/Users/Justyna/Desktop/Studies/EiT/semestr1/SDwUP/Project_Polynomial/AXI_Stream/polynomial/polynomial.srcs/sources_1/bd/stream_acc_design/stream_acc_design.bd]
launch_runs -jobs 8 stream_acc_design_polynomial_stream_acc_0_0_synth_1
[Mon Jun 20 21:39:32 2022] Launched stream_acc_design_polynomial_stream_acc_0_0_synth_1...
Run output will be captured here: C:/Users/Justyna/Desktop/Studies/EiT/semestr1/SDwUP/Project_Polynomial/AXI_Stream/polynomial/polynomial.runs/stream_acc_design_polynomial_stream_acc_0_0_synth_1/runme.log
export_simulation -of_objects [get_files C:/Users/Justyna/Desktop/Studies/EiT/semestr1/SDwUP/Project_Polynomial/AXI_Stream/polynomial/polynomial.srcs/sources_1/bd/stream_acc_design/stream_acc_design.bd] -directory C:/Users/Justyna/Desktop/Studies/EiT/semestr1/SDwUP/Project_Polynomial/AXI_Stream/polynomial/polynomial.ip_user_files/sim_scripts -ip_user_files_dir C:/Users/Justyna/Desktop/Studies/EiT/semestr1/SDwUP/Project_Polynomial/AXI_Stream/polynomial/polynomial.ip_user_files -ipstatic_source_dir C:/Users/Justyna/Desktop/Studies/EiT/semestr1/SDwUP/Project_Polynomial/AXI_Stream/polynomial/polynomial.ip_user_files/ipstatic -lib_map_path [list {modelsim=C:/Users/Justyna/Desktop/Studies/EiT/semestr1/SDwUP/Project_Polynomial/AXI_Stream/polynomial/polynomial.cache/compile_simlib/modelsim} {questa=C:/Users/Justyna/Desktop/Studies/EiT/semestr1/SDwUP/Project_Polynomial/AXI_Stream/polynomial/polynomial.cache/compile_simlib/questa} {riviera=C:/Users/Justyna/Desktop/Studies/EiT/semestr1/SDwUP/Project_Polynomial/AXI_Stream/polynomial/polynomial.cache/compile_simlib/riviera} {activehdl=C:/Users/Justyna/Desktop/Studies/EiT/semestr1/SDwUP/Project_Polynomial/AXI_Stream/polynomial/polynomial.cache/compile_simlib/activehdl}] -use_ip_compiled_libs -force -quiet
report_ip_status -name ip_status 
reset_run synth_1
launch_runs synth_1 -jobs 8
[Mon Jun 20 21:43:28 2022] Launched synth_1...
Run output will be captured here: C:/Users/Justyna/Desktop/Studies/EiT/semestr1/SDwUP/Project_Polynomial/AXI_Stream/polynomial/polynomial.runs/synth_1/runme.log
launch_runs impl_1 -jobs 8
[Mon Jun 20 21:45:22 2022] Launched impl_1...
Run output will be captured here: C:/Users/Justyna/Desktop/Studies/EiT/semestr1/SDwUP/Project_Polynomial/AXI_Stream/polynomial/polynomial.runs/impl_1/runme.log
update_ip_catalog -rebuild -scan_changes
INFO: [IP_Flow 19-234] Refreshing IP repositories
INFO: [IP_Flow 19-1700] Loaded user IP repository 'c:/Users/Justyna/Desktop/Studies/EiT/semestr1/SDwUP/Project_Polynomial/AXI_Stream/ip_repo/polynomial_stream_acc_1.0'.
report_ip_status -name ip_status
upgrade_ip -vlnv xilinx.com:user:polynomial_stream_acc:1.0 [get_ips  stream_acc_design_polynomial_stream_acc_0_0] -log ip_upgrade.log
Upgrading 'C:/Users/Justyna/Desktop/Studies/EiT/semestr1/SDwUP/Project_Polynomial/AXI_Stream/polynomial/polynomial.srcs/sources_1/bd/stream_acc_design/stream_acc_design.bd'
INFO: [IP_Flow 19-3420] Updated stream_acc_design_polynomial_stream_acc_0_0 to use current project options
Wrote  : <C:\Users\Justyna\Desktop\Studies\EiT\semestr1\SDwUP\Project_Polynomial\AXI_Stream\polynomial\polynomial.srcs\sources_1\bd\stream_acc_design\stream_acc_design.bd> 
INFO: [Coretcl 2-1525] Wrote upgrade log to 'C:/Users/Justyna/Desktop/Studies/EiT/semestr1/SDwUP/Project_Polynomial/AXI_Stream/polynomial/ip_upgrade.log'.
export_ip_user_files -of_objects [get_ips stream_acc_design_polynomial_stream_acc_0_0] -no_script -sync -force -quiet
generate_target all [get_files  C:/Users/Justyna/Desktop/Studies/EiT/semestr1/SDwUP/Project_Polynomial/AXI_Stream/polynomial/polynomial.srcs/sources_1/bd/stream_acc_design/stream_acc_design.bd]
Wrote  : <C:\Users\Justyna\Desktop\Studies\EiT\semestr1\SDwUP\Project_Polynomial\AXI_Stream\polynomial\polynomial.srcs\sources_1\bd\stream_acc_design\stream_acc_design.bd> 
VHDL Output written to : C:/Users/Justyna/Desktop/Studies/EiT/semestr1/SDwUP/Project_Polynomial/AXI_Stream/polynomial/polynomial.srcs/sources_1/bd/stream_acc_design/synth/stream_acc_design.v
VHDL Output written to : C:/Users/Justyna/Desktop/Studies/EiT/semestr1/SDwUP/Project_Polynomial/AXI_Stream/polynomial/polynomial.srcs/sources_1/bd/stream_acc_design/sim/stream_acc_design.v
VHDL Output written to : C:/Users/Justyna/Desktop/Studies/EiT/semestr1/SDwUP/Project_Polynomial/AXI_Stream/polynomial/polynomial.srcs/sources_1/bd/stream_acc_design/hdl/stream_acc_design_wrapper.v
INFO: [BD 41-1029] Generation completed for the IP Integrator block polynomial_stream_acc_0 .
INFO: [BD 41-1029] Generation completed for the IP Integrator block axi_fifo_mm_s_0 .
INFO: [BD 41-1029] Generation completed for the IP Integrator block processing_system7_0 .
INFO: [BD 41-1029] Generation completed for the IP Integrator block rst_ps7_0_100M .
WARNING: [IP_Flow 19-4994] Overwriting existing constraint file 'c:/Users/Justyna/Desktop/Studies/EiT/semestr1/SDwUP/Project_Polynomial/AXI_Stream/polynomial/polynomial.srcs/sources_1/bd/stream_acc_design/ip/stream_acc_design_auto_pc_0/stream_acc_design_auto_pc_0_ooc.xdc'
INFO: [BD 41-1029] Generation completed for the IP Integrator block ps7_0_axi_periph/s00_couplers/auto_pc .
Exporting to file C:/Users/Justyna/Desktop/Studies/EiT/semestr1/SDwUP/Project_Polynomial/AXI_Stream/polynomial/polynomial.srcs/sources_1/bd/stream_acc_design/hw_handoff/stream_acc_design.hwh
Generated Block Design Tcl file C:/Users/Justyna/Desktop/Studies/EiT/semestr1/SDwUP/Project_Polynomial/AXI_Stream/polynomial/polynomial.srcs/sources_1/bd/stream_acc_design/hw_handoff/stream_acc_design_bd.tcl
Generated Hardware Definition File C:/Users/Justyna/Desktop/Studies/EiT/semestr1/SDwUP/Project_Polynomial/AXI_Stream/polynomial/polynomial.srcs/sources_1/bd/stream_acc_design/synth/stream_acc_design.hwdef
catch { config_ip_cache -export [get_ips -all stream_acc_design_polynomial_stream_acc_0_0] }
INFO: [IP_Flow 19-4993] Using cached IP synthesis design for IP stream_acc_design_polynomial_stream_acc_0_0, cache-ID = ef62e8827e655d25; cache size = 1.714 MB.
catch { config_ip_cache -export [get_ips -all stream_acc_design_auto_pc_0] }
INFO: [IP_Flow 19-4993] Using cached IP synthesis design for IP stream_acc_design_auto_pc_0, cache-ID = c7981aa4510def98; cache size = 1.714 MB.
export_ip_user_files -of_objects [get_files C:/Users/Justyna/Desktop/Studies/EiT/semestr1/SDwUP/Project_Polynomial/AXI_Stream/polynomial/polynomial.srcs/sources_1/bd/stream_acc_design/stream_acc_design.bd] -no_script -sync -force -quiet
create_ip_run [get_files -of_objects [get_fileset sources_1] C:/Users/Justyna/Desktop/Studies/EiT/semestr1/SDwUP/Project_Polynomial/AXI_Stream/polynomial/polynomial.srcs/sources_1/bd/stream_acc_design/stream_acc_design.bd]
export_simulation -of_objects [get_files C:/Users/Justyna/Desktop/Studies/EiT/semestr1/SDwUP/Project_Polynomial/AXI_Stream/polynomial/polynomial.srcs/sources_1/bd/stream_acc_design/stream_acc_design.bd] -directory C:/Users/Justyna/Desktop/Studies/EiT/semestr1/SDwUP/Project_Polynomial/AXI_Stream/polynomial/polynomial.ip_user_files/sim_scripts -ip_user_files_dir C:/Users/Justyna/Desktop/Studies/EiT/semestr1/SDwUP/Project_Polynomial/AXI_Stream/polynomial/polynomial.ip_user_files -ipstatic_source_dir C:/Users/Justyna/Desktop/Studies/EiT/semestr1/SDwUP/Project_Polynomial/AXI_Stream/polynomial/polynomial.ip_user_files/ipstatic -lib_map_path [list {modelsim=C:/Users/Justyna/Desktop/Studies/EiT/semestr1/SDwUP/Project_Polynomial/AXI_Stream/polynomial/polynomial.cache/compile_simlib/modelsim} {questa=C:/Users/Justyna/Desktop/Studies/EiT/semestr1/SDwUP/Project_Polynomial/AXI_Stream/polynomial/polynomial.cache/compile_simlib/questa} {riviera=C:/Users/Justyna/Desktop/Studies/EiT/semestr1/SDwUP/Project_Polynomial/AXI_Stream/polynomial/polynomial.cache/compile_simlib/riviera} {activehdl=C:/Users/Justyna/Desktop/Studies/EiT/semestr1/SDwUP/Project_Polynomial/AXI_Stream/polynomial/polynomial.cache/compile_simlib/activehdl}] -use_ip_compiled_libs -force -quiet
reset_run synth_1
launch_runs synth_1 -jobs 8
[Mon Jun 20 21:54:48 2022] Launched synth_1...
Run output will be captured here: C:/Users/Justyna/Desktop/Studies/EiT/semestr1/SDwUP/Project_Polynomial/AXI_Stream/polynomial/polynomial.runs/synth_1/runme.log
launch_runs impl_1 -jobs 8
[Mon Jun 20 21:56:15 2022] Launched impl_1...
Run output will be captured here: C:/Users/Justyna/Desktop/Studies/EiT/semestr1/SDwUP/Project_Polynomial/AXI_Stream/polynomial/polynomial.runs/impl_1/runme.log
update_ip_catalog -rebuild -scan_changes
INFO: [IP_Flow 19-234] Refreshing IP repositories
INFO: [IP_Flow 19-1700] Loaded user IP repository 'c:/Users/Justyna/Desktop/Studies/EiT/semestr1/SDwUP/Project_Polynomial/AXI_Stream/ip_repo/polynomial_stream_acc_1.0'.
report_ip_status -name ip_status
upgrade_ip -vlnv xilinx.com:user:polynomial_stream_acc:1.0 [get_ips  stream_acc_design_polynomial_stream_acc_0_0] -log ip_upgrade.log
Upgrading 'C:/Users/Justyna/Desktop/Studies/EiT/semestr1/SDwUP/Project_Polynomial/AXI_Stream/polynomial/polynomial.srcs/sources_1/bd/stream_acc_design/stream_acc_design.bd'
INFO: [IP_Flow 19-3420] Updated stream_acc_design_polynomial_stream_acc_0_0 to use current project options
Wrote  : <C:\Users\Justyna\Desktop\Studies\EiT\semestr1\SDwUP\Project_Polynomial\AXI_Stream\polynomial\polynomial.srcs\sources_1\bd\stream_acc_design\stream_acc_design.bd> 
INFO: [Coretcl 2-1525] Wrote upgrade log to 'C:/Users/Justyna/Desktop/Studies/EiT/semestr1/SDwUP/Project_Polynomial/AXI_Stream/polynomial/ip_upgrade.log'.
export_ip_user_files -of_objects [get_ips stream_acc_design_polynomial_stream_acc_0_0] -no_script -sync -force -quiet
generate_target all [get_files  C:/Users/Justyna/Desktop/Studies/EiT/semestr1/SDwUP/Project_Polynomial/AXI_Stream/polynomial/polynomial.srcs/sources_1/bd/stream_acc_design/stream_acc_design.bd]
Wrote  : <C:\Users\Justyna\Desktop\Studies\EiT\semestr1\SDwUP\Project_Polynomial\AXI_Stream\polynomial\polynomial.srcs\sources_1\bd\stream_acc_design\stream_acc_design.bd> 
VHDL Output written to : C:/Users/Justyna/Desktop/Studies/EiT/semestr1/SDwUP/Project_Polynomial/AXI_Stream/polynomial/polynomial.srcs/sources_1/bd/stream_acc_design/synth/stream_acc_design.v
VHDL Output written to : C:/Users/Justyna/Desktop/Studies/EiT/semestr1/SDwUP/Project_Polynomial/AXI_Stream/polynomial/polynomial.srcs/sources_1/bd/stream_acc_design/sim/stream_acc_design.v
VHDL Output written to : C:/Users/Justyna/Desktop/Studies/EiT/semestr1/SDwUP/Project_Polynomial/AXI_Stream/polynomial/polynomial.srcs/sources_1/bd/stream_acc_design/hdl/stream_acc_design_wrapper.v
INFO: [BD 41-1029] Generation completed for the IP Integrator block polynomial_stream_acc_0 .
INFO: [BD 41-1029] Generation completed for the IP Integrator block axi_fifo_mm_s_0 .
INFO: [BD 41-1029] Generation completed for the IP Integrator block processing_system7_0 .
INFO: [BD 41-1029] Generation completed for the IP Integrator block rst_ps7_0_100M .
WARNING: [IP_Flow 19-4994] Overwriting existing constraint file 'c:/Users/Justyna/Desktop/Studies/EiT/semestr1/SDwUP/Project_Polynomial/AXI_Stream/polynomial/polynomial.srcs/sources_1/bd/stream_acc_design/ip/stream_acc_design_auto_pc_0/stream_acc_design_auto_pc_0_ooc.xdc'
INFO: [BD 41-1029] Generation completed for the IP Integrator block ps7_0_axi_periph/s00_couplers/auto_pc .
Exporting to file C:/Users/Justyna/Desktop/Studies/EiT/semestr1/SDwUP/Project_Polynomial/AXI_Stream/polynomial/polynomial.srcs/sources_1/bd/stream_acc_design/hw_handoff/stream_acc_design.hwh
Generated Block Design Tcl file C:/Users/Justyna/Desktop/Studies/EiT/semestr1/SDwUP/Project_Polynomial/AXI_Stream/polynomial/polynomial.srcs/sources_1/bd/stream_acc_design/hw_handoff/stream_acc_design_bd.tcl
Generated Hardware Definition File C:/Users/Justyna/Desktop/Studies/EiT/semestr1/SDwUP/Project_Polynomial/AXI_Stream/polynomial/polynomial.srcs/sources_1/bd/stream_acc_design/synth/stream_acc_design.hwdef
catch { config_ip_cache -export [get_ips -all stream_acc_design_polynomial_stream_acc_0_0] }
catch { config_ip_cache -export [get_ips -all stream_acc_design_auto_pc_0] }
INFO: [IP_Flow 19-4993] Using cached IP synthesis design for IP stream_acc_design_auto_pc_0, cache-ID = c7981aa4510def98; cache size = 1.115 MB.
export_ip_user_files -of_objects [get_files C:/Users/Justyna/Desktop/Studies/EiT/semestr1/SDwUP/Project_Polynomial/AXI_Stream/polynomial/polynomial.srcs/sources_1/bd/stream_acc_design/stream_acc_design.bd] -no_script -sync -force -quiet
create_ip_run [get_files -of_objects [get_fileset sources_1] C:/Users/Justyna/Desktop/Studies/EiT/semestr1/SDwUP/Project_Polynomial/AXI_Stream/polynomial/polynomial.srcs/sources_1/bd/stream_acc_design/stream_acc_design.bd]
launch_runs -jobs 8 stream_acc_design_polynomial_stream_acc_0_0_synth_1
[Mon Jun 20 22:00:09 2022] Launched stream_acc_design_polynomial_stream_acc_0_0_synth_1...
Run output will be captured here: C:/Users/Justyna/Desktop/Studies/EiT/semestr1/SDwUP/Project_Polynomial/AXI_Stream/polynomial/polynomial.runs/stream_acc_design_polynomial_stream_acc_0_0_synth_1/runme.log
export_simulation -of_objects [get_files C:/Users/Justyna/Desktop/Studies/EiT/semestr1/SDwUP/Project_Polynomial/AXI_Stream/polynomial/polynomial.srcs/sources_1/bd/stream_acc_design/stream_acc_design.bd] -directory C:/Users/Justyna/Desktop/Studies/EiT/semestr1/SDwUP/Project_Polynomial/AXI_Stream/polynomial/polynomial.ip_user_files/sim_scripts -ip_user_files_dir C:/Users/Justyna/Desktop/Studies/EiT/semestr1/SDwUP/Project_Polynomial/AXI_Stream/polynomial/polynomial.ip_user_files -ipstatic_source_dir C:/Users/Justyna/Desktop/Studies/EiT/semestr1/SDwUP/Project_Polynomial/AXI_Stream/polynomial/polynomial.ip_user_files/ipstatic -lib_map_path [list {modelsim=C:/Users/Justyna/Desktop/Studies/EiT/semestr1/SDwUP/Project_Polynomial/AXI_Stream/polynomial/polynomial.cache/compile_simlib/modelsim} {questa=C:/Users/Justyna/Desktop/Studies/EiT/semestr1/SDwUP/Project_Polynomial/AXI_Stream/polynomial/polynomial.cache/compile_simlib/questa} {riviera=C:/Users/Justyna/Desktop/Studies/EiT/semestr1/SDwUP/Project_Polynomial/AXI_Stream/polynomial/polynomial.cache/compile_simlib/riviera} {activehdl=C:/Users/Justyna/Desktop/Studies/EiT/semestr1/SDwUP/Project_Polynomial/AXI_Stream/polynomial/polynomial.cache/compile_simlib/activehdl}] -use_ip_compiled_libs -force -quiet
reset_run synth_1
launch_runs synth_1 -jobs 8
[Mon Jun 20 22:01:13 2022] Launched synth_1...
Run output will be captured here: C:/Users/Justyna/Desktop/Studies/EiT/semestr1/SDwUP/Project_Polynomial/AXI_Stream/polynomial/polynomial.runs/synth_1/runme.log
launch_runs impl_1 -jobs 8
[Mon Jun 20 22:01:58 2022] Launched impl_1...
Run output will be captured here: C:/Users/Justyna/Desktop/Studies/EiT/semestr1/SDwUP/Project_Polynomial/AXI_Stream/polynomial/polynomial.runs/impl_1/runme.log
update_ip_catalog -rebuild -scan_changes
INFO: [IP_Flow 19-234] Refreshing IP repositories
INFO: [IP_Flow 19-1700] Loaded user IP repository 'c:/Users/Justyna/Desktop/Studies/EiT/semestr1/SDwUP/Project_Polynomial/AXI_Stream/ip_repo/polynomial_stream_acc_1.0'.
report_ip_status -name ip_status
upgrade_ip -vlnv xilinx.com:user:polynomial_stream_acc:1.0 [get_ips  stream_acc_design_polynomial_stream_acc_0_0] -log ip_upgrade.log
Upgrading 'C:/Users/Justyna/Desktop/Studies/EiT/semestr1/SDwUP/Project_Polynomial/AXI_Stream/polynomial/polynomial.srcs/sources_1/bd/stream_acc_design/stream_acc_design.bd'
INFO: [IP_Flow 19-3420] Updated stream_acc_design_polynomial_stream_acc_0_0 to use current project options
Wrote  : <C:\Users\Justyna\Desktop\Studies\EiT\semestr1\SDwUP\Project_Polynomial\AXI_Stream\polynomial\polynomial.srcs\sources_1\bd\stream_acc_design\stream_acc_design.bd> 
INFO: [Coretcl 2-1525] Wrote upgrade log to 'C:/Users/Justyna/Desktop/Studies/EiT/semestr1/SDwUP/Project_Polynomial/AXI_Stream/polynomial/ip_upgrade.log'.
export_ip_user_files -of_objects [get_ips stream_acc_design_polynomial_stream_acc_0_0] -no_script -sync -force -quiet
generate_target all [get_files  C:/Users/Justyna/Desktop/Studies/EiT/semestr1/SDwUP/Project_Polynomial/AXI_Stream/polynomial/polynomial.srcs/sources_1/bd/stream_acc_design/stream_acc_design.bd]
Wrote  : <C:\Users\Justyna\Desktop\Studies\EiT\semestr1\SDwUP\Project_Polynomial\AXI_Stream\polynomial\polynomial.srcs\sources_1\bd\stream_acc_design\stream_acc_design.bd> 
VHDL Output written to : C:/Users/Justyna/Desktop/Studies/EiT/semestr1/SDwUP/Project_Polynomial/AXI_Stream/polynomial/polynomial.srcs/sources_1/bd/stream_acc_design/synth/stream_acc_design.v
VHDL Output written to : C:/Users/Justyna/Desktop/Studies/EiT/semestr1/SDwUP/Project_Polynomial/AXI_Stream/polynomial/polynomial.srcs/sources_1/bd/stream_acc_design/sim/stream_acc_design.v
VHDL Output written to : C:/Users/Justyna/Desktop/Studies/EiT/semestr1/SDwUP/Project_Polynomial/AXI_Stream/polynomial/polynomial.srcs/sources_1/bd/stream_acc_design/hdl/stream_acc_design_wrapper.v
INFO: [BD 41-1029] Generation completed for the IP Integrator block polynomial_stream_acc_0 .
INFO: [BD 41-1029] Generation completed for the IP Integrator block axi_fifo_mm_s_0 .
INFO: [BD 41-1029] Generation completed for the IP Integrator block processing_system7_0 .
INFO: [BD 41-1029] Generation completed for the IP Integrator block rst_ps7_0_100M .
WARNING: [IP_Flow 19-4994] Overwriting existing constraint file 'c:/Users/Justyna/Desktop/Studies/EiT/semestr1/SDwUP/Project_Polynomial/AXI_Stream/polynomial/polynomial.srcs/sources_1/bd/stream_acc_design/ip/stream_acc_design_auto_pc_0/stream_acc_design_auto_pc_0_ooc.xdc'
INFO: [BD 41-1029] Generation completed for the IP Integrator block ps7_0_axi_periph/s00_couplers/auto_pc .
Exporting to file C:/Users/Justyna/Desktop/Studies/EiT/semestr1/SDwUP/Project_Polynomial/AXI_Stream/polynomial/polynomial.srcs/sources_1/bd/stream_acc_design/hw_handoff/stream_acc_design.hwh
Generated Block Design Tcl file C:/Users/Justyna/Desktop/Studies/EiT/semestr1/SDwUP/Project_Polynomial/AXI_Stream/polynomial/polynomial.srcs/sources_1/bd/stream_acc_design/hw_handoff/stream_acc_design_bd.tcl
Generated Hardware Definition File C:/Users/Justyna/Desktop/Studies/EiT/semestr1/SDwUP/Project_Polynomial/AXI_Stream/polynomial/polynomial.srcs/sources_1/bd/stream_acc_design/synth/stream_acc_design.hwdef
catch { config_ip_cache -export [get_ips -all stream_acc_design_polynomial_stream_acc_0_0] }
INFO: [IP_Flow 19-4993] Using cached IP synthesis design for IP stream_acc_design_polynomial_stream_acc_0_0, cache-ID = ef62e8827e655d25; cache size = 1.714 MB.
catch { config_ip_cache -export [get_ips -all stream_acc_design_auto_pc_0] }
INFO: [IP_Flow 19-4993] Using cached IP synthesis design for IP stream_acc_design_auto_pc_0, cache-ID = c7981aa4510def98; cache size = 1.714 MB.
export_ip_user_files -of_objects [get_files C:/Users/Justyna/Desktop/Studies/EiT/semestr1/SDwUP/Project_Polynomial/AXI_Stream/polynomial/polynomial.srcs/sources_1/bd/stream_acc_design/stream_acc_design.bd] -no_script -sync -force -quiet
create_ip_run [get_files -of_objects [get_fileset sources_1] C:/Users/Justyna/Desktop/Studies/EiT/semestr1/SDwUP/Project_Polynomial/AXI_Stream/polynomial/polynomial.srcs/sources_1/bd/stream_acc_design/stream_acc_design.bd]
export_simulation -of_objects [get_files C:/Users/Justyna/Desktop/Studies/EiT/semestr1/SDwUP/Project_Polynomial/AXI_Stream/polynomial/polynomial.srcs/sources_1/bd/stream_acc_design/stream_acc_design.bd] -directory C:/Users/Justyna/Desktop/Studies/EiT/semestr1/SDwUP/Project_Polynomial/AXI_Stream/polynomial/polynomial.ip_user_files/sim_scripts -ip_user_files_dir C:/Users/Justyna/Desktop/Studies/EiT/semestr1/SDwUP/Project_Polynomial/AXI_Stream/polynomial/polynomial.ip_user_files -ipstatic_source_dir C:/Users/Justyna/Desktop/Studies/EiT/semestr1/SDwUP/Project_Polynomial/AXI_Stream/polynomial/polynomial.ip_user_files/ipstatic -lib_map_path [list {modelsim=C:/Users/Justyna/Desktop/Studies/EiT/semestr1/SDwUP/Project_Polynomial/AXI_Stream/polynomial/polynomial.cache/compile_simlib/modelsim} {questa=C:/Users/Justyna/Desktop/Studies/EiT/semestr1/SDwUP/Project_Polynomial/AXI_Stream/polynomial/polynomial.cache/compile_simlib/questa} {riviera=C:/Users/Justyna/Desktop/Studies/EiT/semestr1/SDwUP/Project_Polynomial/AXI_Stream/polynomial/polynomial.cache/compile_simlib/riviera} {activehdl=C:/Users/Justyna/Desktop/Studies/EiT/semestr1/SDwUP/Project_Polynomial/AXI_Stream/polynomial/polynomial.cache/compile_simlib/activehdl}] -use_ip_compiled_libs -force -quiet
reset_run synth_1
launch_runs synth_1 -jobs 8
[Mon Jun 20 22:07:08 2022] Launched synth_1...
Run output will be captured here: C:/Users/Justyna/Desktop/Studies/EiT/semestr1/SDwUP/Project_Polynomial/AXI_Stream/polynomial/polynomial.runs/synth_1/runme.log
update_ip_catalog -rebuild -scan_changes
INFO: [IP_Flow 19-234] Refreshing IP repositories
INFO: [IP_Flow 19-1700] Loaded user IP repository 'c:/Users/Justyna/Desktop/Studies/EiT/semestr1/SDwUP/Project_Polynomial/AXI_Stream/ip_repo/polynomial_stream_acc_1.0'.
report_ip_status -name ip_status
upgrade_ip -vlnv xilinx.com:user:polynomial_stream_acc:1.0 [get_ips  stream_acc_design_polynomial_stream_acc_0_0] -log ip_upgrade.log
Upgrading 'C:/Users/Justyna/Desktop/Studies/EiT/semestr1/SDwUP/Project_Polynomial/AXI_Stream/polynomial/polynomial.srcs/sources_1/bd/stream_acc_design/stream_acc_design.bd'
INFO: [IP_Flow 19-3420] Updated stream_acc_design_polynomial_stream_acc_0_0 to use current project options
Wrote  : <C:\Users\Justyna\Desktop\Studies\EiT\semestr1\SDwUP\Project_Polynomial\AXI_Stream\polynomial\polynomial.srcs\sources_1\bd\stream_acc_design\stream_acc_design.bd> 
INFO: [Coretcl 2-1525] Wrote upgrade log to 'C:/Users/Justyna/Desktop/Studies/EiT/semestr1/SDwUP/Project_Polynomial/AXI_Stream/polynomial/ip_upgrade.log'.
export_ip_user_files -of_objects [get_ips stream_acc_design_polynomial_stream_acc_0_0] -no_script -sync -force -quiet
generate_target all [get_files  C:/Users/Justyna/Desktop/Studies/EiT/semestr1/SDwUP/Project_Polynomial/AXI_Stream/polynomial/polynomial.srcs/sources_1/bd/stream_acc_design/stream_acc_design.bd]
Wrote  : <C:\Users\Justyna\Desktop\Studies\EiT\semestr1\SDwUP\Project_Polynomial\AXI_Stream\polynomial\polynomial.srcs\sources_1\bd\stream_acc_design\stream_acc_design.bd> 
VHDL Output written to : C:/Users/Justyna/Desktop/Studies/EiT/semestr1/SDwUP/Project_Polynomial/AXI_Stream/polynomial/polynomial.srcs/sources_1/bd/stream_acc_design/synth/stream_acc_design.v
VHDL Output written to : C:/Users/Justyna/Desktop/Studies/EiT/semestr1/SDwUP/Project_Polynomial/AXI_Stream/polynomial/polynomial.srcs/sources_1/bd/stream_acc_design/sim/stream_acc_design.v
VHDL Output written to : C:/Users/Justyna/Desktop/Studies/EiT/semestr1/SDwUP/Project_Polynomial/AXI_Stream/polynomial/polynomial.srcs/sources_1/bd/stream_acc_design/hdl/stream_acc_design_wrapper.v
INFO: [BD 41-1029] Generation completed for the IP Integrator block polynomial_stream_acc_0 .
INFO: [BD 41-1029] Generation completed for the IP Integrator block axi_fifo_mm_s_0 .
INFO: [BD 41-1029] Generation completed for the IP Integrator block processing_system7_0 .
INFO: [BD 41-1029] Generation completed for the IP Integrator block rst_ps7_0_100M .
WARNING: [IP_Flow 19-4994] Overwriting existing constraint file 'c:/Users/Justyna/Desktop/Studies/EiT/semestr1/SDwUP/Project_Polynomial/AXI_Stream/polynomial/polynomial.srcs/sources_1/bd/stream_acc_design/ip/stream_acc_design_auto_pc_0/stream_acc_design_auto_pc_0_ooc.xdc'
INFO: [BD 41-1029] Generation completed for the IP Integrator block ps7_0_axi_periph/s00_couplers/auto_pc .
Exporting to file C:/Users/Justyna/Desktop/Studies/EiT/semestr1/SDwUP/Project_Polynomial/AXI_Stream/polynomial/polynomial.srcs/sources_1/bd/stream_acc_design/hw_handoff/stream_acc_design.hwh
Generated Block Design Tcl file C:/Users/Justyna/Desktop/Studies/EiT/semestr1/SDwUP/Project_Polynomial/AXI_Stream/polynomial/polynomial.srcs/sources_1/bd/stream_acc_design/hw_handoff/stream_acc_design_bd.tcl
Generated Hardware Definition File C:/Users/Justyna/Desktop/Studies/EiT/semestr1/SDwUP/Project_Polynomial/AXI_Stream/polynomial/polynomial.srcs/sources_1/bd/stream_acc_design/synth/stream_acc_design.hwdef
catch { config_ip_cache -export [get_ips -all stream_acc_design_polynomial_stream_acc_0_0] }
catch { config_ip_cache -export [get_ips -all stream_acc_design_auto_pc_0] }
INFO: [IP_Flow 19-4993] Using cached IP synthesis design for IP stream_acc_design_auto_pc_0, cache-ID = c7981aa4510def98; cache size = 1.115 MB.
export_ip_user_files -of_objects [get_files C:/Users/Justyna/Desktop/Studies/EiT/semestr1/SDwUP/Project_Polynomial/AXI_Stream/polynomial/polynomial.srcs/sources_1/bd/stream_acc_design/stream_acc_design.bd] -no_script -sync -force -quiet
create_ip_run [get_files -of_objects [get_fileset sources_1] C:/Users/Justyna/Desktop/Studies/EiT/semestr1/SDwUP/Project_Polynomial/AXI_Stream/polynomial/polynomial.srcs/sources_1/bd/stream_acc_design/stream_acc_design.bd]
launch_runs -jobs 8 stream_acc_design_polynomial_stream_acc_0_0_synth_1
[Mon Jun 20 22:08:10 2022] Launched stream_acc_design_polynomial_stream_acc_0_0_synth_1...
Run output will be captured here: C:/Users/Justyna/Desktop/Studies/EiT/semestr1/SDwUP/Project_Polynomial/AXI_Stream/polynomial/polynomial.runs/stream_acc_design_polynomial_stream_acc_0_0_synth_1/runme.log
export_simulation -of_objects [get_files C:/Users/Justyna/Desktop/Studies/EiT/semestr1/SDwUP/Project_Polynomial/AXI_Stream/polynomial/polynomial.srcs/sources_1/bd/stream_acc_design/stream_acc_design.bd] -directory C:/Users/Justyna/Desktop/Studies/EiT/semestr1/SDwUP/Project_Polynomial/AXI_Stream/polynomial/polynomial.ip_user_files/sim_scripts -ip_user_files_dir C:/Users/Justyna/Desktop/Studies/EiT/semestr1/SDwUP/Project_Polynomial/AXI_Stream/polynomial/polynomial.ip_user_files -ipstatic_source_dir C:/Users/Justyna/Desktop/Studies/EiT/semestr1/SDwUP/Project_Polynomial/AXI_Stream/polynomial/polynomial.ip_user_files/ipstatic -lib_map_path [list {modelsim=C:/Users/Justyna/Desktop/Studies/EiT/semestr1/SDwUP/Project_Polynomial/AXI_Stream/polynomial/polynomial.cache/compile_simlib/modelsim} {questa=C:/Users/Justyna/Desktop/Studies/EiT/semestr1/SDwUP/Project_Polynomial/AXI_Stream/polynomial/polynomial.cache/compile_simlib/questa} {riviera=C:/Users/Justyna/Desktop/Studies/EiT/semestr1/SDwUP/Project_Polynomial/AXI_Stream/polynomial/polynomial.cache/compile_simlib/riviera} {activehdl=C:/Users/Justyna/Desktop/Studies/EiT/semestr1/SDwUP/Project_Polynomial/AXI_Stream/polynomial/polynomial.cache/compile_simlib/activehdl}] -use_ip_compiled_libs -force -quiet
reset_run synth_1
launch_runs synth_1 -jobs 8
[Mon Jun 20 22:09:14 2022] Launched synth_1...
Run output will be captured here: C:/Users/Justyna/Desktop/Studies/EiT/semestr1/SDwUP/Project_Polynomial/AXI_Stream/polynomial/polynomial.runs/synth_1/runme.log
launch_runs impl_1 -jobs 8
[Mon Jun 20 22:10:10 2022] Launched impl_1...
Run output will be captured here: C:/Users/Justyna/Desktop/Studies/EiT/semestr1/SDwUP/Project_Polynomial/AXI_Stream/polynomial/polynomial.runs/impl_1/runme.log
update_ip_catalog -rebuild -scan_changes
INFO: [IP_Flow 19-234] Refreshing IP repositories
INFO: [IP_Flow 19-1700] Loaded user IP repository 'c:/Users/Justyna/Desktop/Studies/EiT/semestr1/SDwUP/Project_Polynomial/AXI_Stream/ip_repo/polynomial_stream_acc_1.0'.
report_ip_status -name ip_status
upgrade_ip -vlnv xilinx.com:user:polynomial_stream_acc:1.0 [get_ips  stream_acc_design_polynomial_stream_acc_0_0] -log ip_upgrade.log
Upgrading 'C:/Users/Justyna/Desktop/Studies/EiT/semestr1/SDwUP/Project_Polynomial/AXI_Stream/polynomial/polynomial.srcs/sources_1/bd/stream_acc_design/stream_acc_design.bd'
INFO: [IP_Flow 19-3420] Updated stream_acc_design_polynomial_stream_acc_0_0 to use current project options
Wrote  : <C:\Users\Justyna\Desktop\Studies\EiT\semestr1\SDwUP\Project_Polynomial\AXI_Stream\polynomial\polynomial.srcs\sources_1\bd\stream_acc_design\stream_acc_design.bd> 
INFO: [Coretcl 2-1525] Wrote upgrade log to 'C:/Users/Justyna/Desktop/Studies/EiT/semestr1/SDwUP/Project_Polynomial/AXI_Stream/polynomial/ip_upgrade.log'.
export_ip_user_files -of_objects [get_ips stream_acc_design_polynomial_stream_acc_0_0] -no_script -sync -force -quiet
generate_target all [get_files  C:/Users/Justyna/Desktop/Studies/EiT/semestr1/SDwUP/Project_Polynomial/AXI_Stream/polynomial/polynomial.srcs/sources_1/bd/stream_acc_design/stream_acc_design.bd]
Wrote  : <C:\Users\Justyna\Desktop\Studies\EiT\semestr1\SDwUP\Project_Polynomial\AXI_Stream\polynomial\polynomial.srcs\sources_1\bd\stream_acc_design\stream_acc_design.bd> 
VHDL Output written to : C:/Users/Justyna/Desktop/Studies/EiT/semestr1/SDwUP/Project_Polynomial/AXI_Stream/polynomial/polynomial.srcs/sources_1/bd/stream_acc_design/synth/stream_acc_design.v
VHDL Output written to : C:/Users/Justyna/Desktop/Studies/EiT/semestr1/SDwUP/Project_Polynomial/AXI_Stream/polynomial/polynomial.srcs/sources_1/bd/stream_acc_design/sim/stream_acc_design.v
VHDL Output written to : C:/Users/Justyna/Desktop/Studies/EiT/semestr1/SDwUP/Project_Polynomial/AXI_Stream/polynomial/polynomial.srcs/sources_1/bd/stream_acc_design/hdl/stream_acc_design_wrapper.v
INFO: [BD 41-1029] Generation completed for the IP Integrator block polynomial_stream_acc_0 .
INFO: [BD 41-1029] Generation completed for the IP Integrator block axi_fifo_mm_s_0 .
INFO: [BD 41-1029] Generation completed for the IP Integrator block processing_system7_0 .
INFO: [BD 41-1029] Generation completed for the IP Integrator block rst_ps7_0_100M .
WARNING: [IP_Flow 19-4994] Overwriting existing constraint file 'c:/Users/Justyna/Desktop/Studies/EiT/semestr1/SDwUP/Project_Polynomial/AXI_Stream/polynomial/polynomial.srcs/sources_1/bd/stream_acc_design/ip/stream_acc_design_auto_pc_0/stream_acc_design_auto_pc_0_ooc.xdc'
INFO: [BD 41-1029] Generation completed for the IP Integrator block ps7_0_axi_periph/s00_couplers/auto_pc .
Exporting to file C:/Users/Justyna/Desktop/Studies/EiT/semestr1/SDwUP/Project_Polynomial/AXI_Stream/polynomial/polynomial.srcs/sources_1/bd/stream_acc_design/hw_handoff/stream_acc_design.hwh
Generated Block Design Tcl file C:/Users/Justyna/Desktop/Studies/EiT/semestr1/SDwUP/Project_Polynomial/AXI_Stream/polynomial/polynomial.srcs/sources_1/bd/stream_acc_design/hw_handoff/stream_acc_design_bd.tcl
Generated Hardware Definition File C:/Users/Justyna/Desktop/Studies/EiT/semestr1/SDwUP/Project_Polynomial/AXI_Stream/polynomial/polynomial.srcs/sources_1/bd/stream_acc_design/synth/stream_acc_design.hwdef
catch { config_ip_cache -export [get_ips -all stream_acc_design_polynomial_stream_acc_0_0] }
INFO: [IP_Flow 19-4993] Using cached IP synthesis design for IP stream_acc_design_polynomial_stream_acc_0_0, cache-ID = ef62e8827e655d25; cache size = 1.646 MB.
catch { config_ip_cache -export [get_ips -all stream_acc_design_auto_pc_0] }
INFO: [IP_Flow 19-4993] Using cached IP synthesis design for IP stream_acc_design_auto_pc_0, cache-ID = c7981aa4510def98; cache size = 1.646 MB.
export_ip_user_files -of_objects [get_files C:/Users/Justyna/Desktop/Studies/EiT/semestr1/SDwUP/Project_Polynomial/AXI_Stream/polynomial/polynomial.srcs/sources_1/bd/stream_acc_design/stream_acc_design.bd] -no_script -sync -force -quiet
create_ip_run [get_files -of_objects [get_fileset sources_1] C:/Users/Justyna/Desktop/Studies/EiT/semestr1/SDwUP/Project_Polynomial/AXI_Stream/polynomial/polynomial.srcs/sources_1/bd/stream_acc_design/stream_acc_design.bd]
export_simulation -of_objects [get_files C:/Users/Justyna/Desktop/Studies/EiT/semestr1/SDwUP/Project_Polynomial/AXI_Stream/polynomial/polynomial.srcs/sources_1/bd/stream_acc_design/stream_acc_design.bd] -directory C:/Users/Justyna/Desktop/Studies/EiT/semestr1/SDwUP/Project_Polynomial/AXI_Stream/polynomial/polynomial.ip_user_files/sim_scripts -ip_user_files_dir C:/Users/Justyna/Desktop/Studies/EiT/semestr1/SDwUP/Project_Polynomial/AXI_Stream/polynomial/polynomial.ip_user_files -ipstatic_source_dir C:/Users/Justyna/Desktop/Studies/EiT/semestr1/SDwUP/Project_Polynomial/AXI_Stream/polynomial/polynomial.ip_user_files/ipstatic -lib_map_path [list {modelsim=C:/Users/Justyna/Desktop/Studies/EiT/semestr1/SDwUP/Project_Polynomial/AXI_Stream/polynomial/polynomial.cache/compile_simlib/modelsim} {questa=C:/Users/Justyna/Desktop/Studies/EiT/semestr1/SDwUP/Project_Polynomial/AXI_Stream/polynomial/polynomial.cache/compile_simlib/questa} {riviera=C:/Users/Justyna/Desktop/Studies/EiT/semestr1/SDwUP/Project_Polynomial/AXI_Stream/polynomial/polynomial.cache/compile_simlib/riviera} {activehdl=C:/Users/Justyna/Desktop/Studies/EiT/semestr1/SDwUP/Project_Polynomial/AXI_Stream/polynomial/polynomial.cache/compile_simlib/activehdl}] -use_ip_compiled_libs -force -quiet
reset_run synth_1
launch_runs synth_1 -jobs 8
[Mon Jun 20 22:15:26 2022] Launched synth_1...
Run output will be captured here: C:/Users/Justyna/Desktop/Studies/EiT/semestr1/SDwUP/Project_Polynomial/AXI_Stream/polynomial/polynomial.runs/synth_1/runme.log
launch_runs impl_1 -jobs 8
[Mon Jun 20 22:16:13 2022] Launched impl_1...
Run output will be captured here: C:/Users/Justyna/Desktop/Studies/EiT/semestr1/SDwUP/Project_Polynomial/AXI_Stream/polynomial/polynomial.runs/impl_1/runme.log
update_ip_catalog -rebuild -scan_changes
INFO: [IP_Flow 19-234] Refreshing IP repositories
INFO: [IP_Flow 19-1700] Loaded user IP repository 'c:/Users/Justyna/Desktop/Studies/EiT/semestr1/SDwUP/Project_Polynomial/AXI_Stream/ip_repo/polynomial_stream_acc_1.0'.
report_ip_status -name ip_status
upgrade_ip -vlnv xilinx.com:user:polynomial_stream_acc:1.0 [get_ips  stream_acc_design_polynomial_stream_acc_0_0] -log ip_upgrade.log
Upgrading 'C:/Users/Justyna/Desktop/Studies/EiT/semestr1/SDwUP/Project_Polynomial/AXI_Stream/polynomial/polynomial.srcs/sources_1/bd/stream_acc_design/stream_acc_design.bd'
INFO: [IP_Flow 19-3420] Updated stream_acc_design_polynomial_stream_acc_0_0 to use current project options
Wrote  : <C:\Users\Justyna\Desktop\Studies\EiT\semestr1\SDwUP\Project_Polynomial\AXI_Stream\polynomial\polynomial.srcs\sources_1\bd\stream_acc_design\stream_acc_design.bd> 
INFO: [Coretcl 2-1525] Wrote upgrade log to 'C:/Users/Justyna/Desktop/Studies/EiT/semestr1/SDwUP/Project_Polynomial/AXI_Stream/polynomial/ip_upgrade.log'.
export_ip_user_files -of_objects [get_ips stream_acc_design_polynomial_stream_acc_0_0] -no_script -sync -force -quiet
generate_target all [get_files  C:/Users/Justyna/Desktop/Studies/EiT/semestr1/SDwUP/Project_Polynomial/AXI_Stream/polynomial/polynomial.srcs/sources_1/bd/stream_acc_design/stream_acc_design.bd]
Wrote  : <C:\Users\Justyna\Desktop\Studies\EiT\semestr1\SDwUP\Project_Polynomial\AXI_Stream\polynomial\polynomial.srcs\sources_1\bd\stream_acc_design\stream_acc_design.bd> 
VHDL Output written to : C:/Users/Justyna/Desktop/Studies/EiT/semestr1/SDwUP/Project_Polynomial/AXI_Stream/polynomial/polynomial.srcs/sources_1/bd/stream_acc_design/synth/stream_acc_design.v
VHDL Output written to : C:/Users/Justyna/Desktop/Studies/EiT/semestr1/SDwUP/Project_Polynomial/AXI_Stream/polynomial/polynomial.srcs/sources_1/bd/stream_acc_design/sim/stream_acc_design.v
VHDL Output written to : C:/Users/Justyna/Desktop/Studies/EiT/semestr1/SDwUP/Project_Polynomial/AXI_Stream/polynomial/polynomial.srcs/sources_1/bd/stream_acc_design/hdl/stream_acc_design_wrapper.v
INFO: [BD 41-1029] Generation completed for the IP Integrator block polynomial_stream_acc_0 .
INFO: [BD 41-1029] Generation completed for the IP Integrator block axi_fifo_mm_s_0 .
INFO: [BD 41-1029] Generation completed for the IP Integrator block processing_system7_0 .
INFO: [BD 41-1029] Generation completed for the IP Integrator block rst_ps7_0_100M .
WARNING: [IP_Flow 19-4994] Overwriting existing constraint file 'c:/Users/Justyna/Desktop/Studies/EiT/semestr1/SDwUP/Project_Polynomial/AXI_Stream/polynomial/polynomial.srcs/sources_1/bd/stream_acc_design/ip/stream_acc_design_auto_pc_0/stream_acc_design_auto_pc_0_ooc.xdc'
INFO: [BD 41-1029] Generation completed for the IP Integrator block ps7_0_axi_periph/s00_couplers/auto_pc .
Exporting to file C:/Users/Justyna/Desktop/Studies/EiT/semestr1/SDwUP/Project_Polynomial/AXI_Stream/polynomial/polynomial.srcs/sources_1/bd/stream_acc_design/hw_handoff/stream_acc_design.hwh
Generated Block Design Tcl file C:/Users/Justyna/Desktop/Studies/EiT/semestr1/SDwUP/Project_Polynomial/AXI_Stream/polynomial/polynomial.srcs/sources_1/bd/stream_acc_design/hw_handoff/stream_acc_design_bd.tcl
Generated Hardware Definition File C:/Users/Justyna/Desktop/Studies/EiT/semestr1/SDwUP/Project_Polynomial/AXI_Stream/polynomial/polynomial.srcs/sources_1/bd/stream_acc_design/synth/stream_acc_design.hwdef
catch { config_ip_cache -export [get_ips -all stream_acc_design_polynomial_stream_acc_0_0] }
catch { config_ip_cache -export [get_ips -all stream_acc_design_auto_pc_0] }
INFO: [IP_Flow 19-4993] Using cached IP synthesis design for IP stream_acc_design_auto_pc_0, cache-ID = c7981aa4510def98; cache size = 1.115 MB.
export_ip_user_files -of_objects [get_files C:/Users/Justyna/Desktop/Studies/EiT/semestr1/SDwUP/Project_Polynomial/AXI_Stream/polynomial/polynomial.srcs/sources_1/bd/stream_acc_design/stream_acc_design.bd] -no_script -sync -force -quiet
create_ip_run [get_files -of_objects [get_fileset sources_1] C:/Users/Justyna/Desktop/Studies/EiT/semestr1/SDwUP/Project_Polynomial/AXI_Stream/polynomial/polynomial.srcs/sources_1/bd/stream_acc_design/stream_acc_design.bd]
launch_runs -jobs 8 stream_acc_design_polynomial_stream_acc_0_0_synth_1
[Mon Jun 20 22:20:12 2022] Launched stream_acc_design_polynomial_stream_acc_0_0_synth_1...
Run output will be captured here: C:/Users/Justyna/Desktop/Studies/EiT/semestr1/SDwUP/Project_Polynomial/AXI_Stream/polynomial/polynomial.runs/stream_acc_design_polynomial_stream_acc_0_0_synth_1/runme.log
export_simulation -of_objects [get_files C:/Users/Justyna/Desktop/Studies/EiT/semestr1/SDwUP/Project_Polynomial/AXI_Stream/polynomial/polynomial.srcs/sources_1/bd/stream_acc_design/stream_acc_design.bd] -directory C:/Users/Justyna/Desktop/Studies/EiT/semestr1/SDwUP/Project_Polynomial/AXI_Stream/polynomial/polynomial.ip_user_files/sim_scripts -ip_user_files_dir C:/Users/Justyna/Desktop/Studies/EiT/semestr1/SDwUP/Project_Polynomial/AXI_Stream/polynomial/polynomial.ip_user_files -ipstatic_source_dir C:/Users/Justyna/Desktop/Studies/EiT/semestr1/SDwUP/Project_Polynomial/AXI_Stream/polynomial/polynomial.ip_user_files/ipstatic -lib_map_path [list {modelsim=C:/Users/Justyna/Desktop/Studies/EiT/semestr1/SDwUP/Project_Polynomial/AXI_Stream/polynomial/polynomial.cache/compile_simlib/modelsim} {questa=C:/Users/Justyna/Desktop/Studies/EiT/semestr1/SDwUP/Project_Polynomial/AXI_Stream/polynomial/polynomial.cache/compile_simlib/questa} {riviera=C:/Users/Justyna/Desktop/Studies/EiT/semestr1/SDwUP/Project_Polynomial/AXI_Stream/polynomial/polynomial.cache/compile_simlib/riviera} {activehdl=C:/Users/Justyna/Desktop/Studies/EiT/semestr1/SDwUP/Project_Polynomial/AXI_Stream/polynomial/polynomial.cache/compile_simlib/activehdl}] -use_ip_compiled_libs -force -quiet
reset_run stream_acc_design_polynomial_stream_acc_0_0_synth_1
reset_run synth_1
launch_runs synth_1 -jobs 8
[Mon Jun 20 22:20:43 2022] Launched stream_acc_design_polynomial_stream_acc_0_0_synth_1...
Run output will be captured here: C:/Users/Justyna/Desktop/Studies/EiT/semestr1/SDwUP/Project_Polynomial/AXI_Stream/polynomial/polynomial.runs/stream_acc_design_polynomial_stream_acc_0_0_synth_1/runme.log
[Mon Jun 20 22:20:43 2022] Launched synth_1...
Run output will be captured here: C:/Users/Justyna/Desktop/Studies/EiT/semestr1/SDwUP/Project_Polynomial/AXI_Stream/polynomial/polynomial.runs/synth_1/runme.log
update_ip_catalog -rebuild -scan_changes
INFO: [IP_Flow 19-234] Refreshing IP repositories
INFO: [IP_Flow 19-1700] Loaded user IP repository 'c:/Users/Justyna/Desktop/Studies/EiT/semestr1/SDwUP/Project_Polynomial/AXI_Stream/ip_repo/polynomial_stream_acc_1.0'.
report_ip_status -name ip_status
upgrade_ip -vlnv xilinx.com:user:polynomial_stream_acc:1.0 [get_ips  stream_acc_design_polynomial_stream_acc_0_0] -log ip_upgrade.log
Upgrading 'C:/Users/Justyna/Desktop/Studies/EiT/semestr1/SDwUP/Project_Polynomial/AXI_Stream/polynomial/polynomial.srcs/sources_1/bd/stream_acc_design/stream_acc_design.bd'
INFO: [IP_Flow 19-3420] Updated stream_acc_design_polynomial_stream_acc_0_0 to use current project options
Wrote  : <C:\Users\Justyna\Desktop\Studies\EiT\semestr1\SDwUP\Project_Polynomial\AXI_Stream\polynomial\polynomial.srcs\sources_1\bd\stream_acc_design\stream_acc_design.bd> 
INFO: [Coretcl 2-1525] Wrote upgrade log to 'C:/Users/Justyna/Desktop/Studies/EiT/semestr1/SDwUP/Project_Polynomial/AXI_Stream/polynomial/ip_upgrade.log'.
export_ip_user_files -of_objects [get_ips stream_acc_design_polynomial_stream_acc_0_0] -no_script -sync -force -quiet
generate_target all [get_files  C:/Users/Justyna/Desktop/Studies/EiT/semestr1/SDwUP/Project_Polynomial/AXI_Stream/polynomial/polynomial.srcs/sources_1/bd/stream_acc_design/stream_acc_design.bd]
Wrote  : <C:\Users\Justyna\Desktop\Studies\EiT\semestr1\SDwUP\Project_Polynomial\AXI_Stream\polynomial\polynomial.srcs\sources_1\bd\stream_acc_design\stream_acc_design.bd> 
VHDL Output written to : C:/Users/Justyna/Desktop/Studies/EiT/semestr1/SDwUP/Project_Polynomial/AXI_Stream/polynomial/polynomial.srcs/sources_1/bd/stream_acc_design/synth/stream_acc_design.v
VHDL Output written to : C:/Users/Justyna/Desktop/Studies/EiT/semestr1/SDwUP/Project_Polynomial/AXI_Stream/polynomial/polynomial.srcs/sources_1/bd/stream_acc_design/sim/stream_acc_design.v
VHDL Output written to : C:/Users/Justyna/Desktop/Studies/EiT/semestr1/SDwUP/Project_Polynomial/AXI_Stream/polynomial/polynomial.srcs/sources_1/bd/stream_acc_design/hdl/stream_acc_design_wrapper.v
INFO: [BD 41-1029] Generation completed for the IP Integrator block polynomial_stream_acc_0 .
INFO: [BD 41-1029] Generation completed for the IP Integrator block axi_fifo_mm_s_0 .
INFO: [BD 41-1029] Generation completed for the IP Integrator block processing_system7_0 .
INFO: [BD 41-1029] Generation completed for the IP Integrator block rst_ps7_0_100M .
WARNING: [IP_Flow 19-4994] Overwriting existing constraint file 'c:/Users/Justyna/Desktop/Studies/EiT/semestr1/SDwUP/Project_Polynomial/AXI_Stream/polynomial/polynomial.srcs/sources_1/bd/stream_acc_design/ip/stream_acc_design_auto_pc_0/stream_acc_design_auto_pc_0_ooc.xdc'
INFO: [BD 41-1029] Generation completed for the IP Integrator block ps7_0_axi_periph/s00_couplers/auto_pc .
Exporting to file C:/Users/Justyna/Desktop/Studies/EiT/semestr1/SDwUP/Project_Polynomial/AXI_Stream/polynomial/polynomial.srcs/sources_1/bd/stream_acc_design/hw_handoff/stream_acc_design.hwh
Generated Block Design Tcl file C:/Users/Justyna/Desktop/Studies/EiT/semestr1/SDwUP/Project_Polynomial/AXI_Stream/polynomial/polynomial.srcs/sources_1/bd/stream_acc_design/hw_handoff/stream_acc_design_bd.tcl
Generated Hardware Definition File C:/Users/Justyna/Desktop/Studies/EiT/semestr1/SDwUP/Project_Polynomial/AXI_Stream/polynomial/polynomial.srcs/sources_1/bd/stream_acc_design/synth/stream_acc_design.hwdef
catch { config_ip_cache -export [get_ips -all stream_acc_design_polynomial_stream_acc_0_0] }
catch { config_ip_cache -export [get_ips -all stream_acc_design_auto_pc_0] }
INFO: [IP_Flow 19-4993] Using cached IP synthesis design for IP stream_acc_design_auto_pc_0, cache-ID = c7981aa4510def98; cache size = 1.115 MB.
export_ip_user_files -of_objects [get_files C:/Users/Justyna/Desktop/Studies/EiT/semestr1/SDwUP/Project_Polynomial/AXI_Stream/polynomial/polynomial.srcs/sources_1/bd/stream_acc_design/stream_acc_design.bd] -no_script -sync -force -quiet
create_ip_run [get_files -of_objects [get_fileset sources_1] C:/Users/Justyna/Desktop/Studies/EiT/semestr1/SDwUP/Project_Polynomial/AXI_Stream/polynomial/polynomial.srcs/sources_1/bd/stream_acc_design/stream_acc_design.bd]
launch_runs -jobs 8 stream_acc_design_polynomial_stream_acc_0_0_synth_1
[Mon Jun 20 22:22:26 2022] Launched stream_acc_design_polynomial_stream_acc_0_0_synth_1...
Run output will be captured here: C:/Users/Justyna/Desktop/Studies/EiT/semestr1/SDwUP/Project_Polynomial/AXI_Stream/polynomial/polynomial.runs/stream_acc_design_polynomial_stream_acc_0_0_synth_1/runme.log
export_simulation -of_objects [get_files C:/Users/Justyna/Desktop/Studies/EiT/semestr1/SDwUP/Project_Polynomial/AXI_Stream/polynomial/polynomial.srcs/sources_1/bd/stream_acc_design/stream_acc_design.bd] -directory C:/Users/Justyna/Desktop/Studies/EiT/semestr1/SDwUP/Project_Polynomial/AXI_Stream/polynomial/polynomial.ip_user_files/sim_scripts -ip_user_files_dir C:/Users/Justyna/Desktop/Studies/EiT/semestr1/SDwUP/Project_Polynomial/AXI_Stream/polynomial/polynomial.ip_user_files -ipstatic_source_dir C:/Users/Justyna/Desktop/Studies/EiT/semestr1/SDwUP/Project_Polynomial/AXI_Stream/polynomial/polynomial.ip_user_files/ipstatic -lib_map_path [list {modelsim=C:/Users/Justyna/Desktop/Studies/EiT/semestr1/SDwUP/Project_Polynomial/AXI_Stream/polynomial/polynomial.cache/compile_simlib/modelsim} {questa=C:/Users/Justyna/Desktop/Studies/EiT/semestr1/SDwUP/Project_Polynomial/AXI_Stream/polynomial/polynomial.cache/compile_simlib/questa} {riviera=C:/Users/Justyna/Desktop/Studies/EiT/semestr1/SDwUP/Project_Polynomial/AXI_Stream/polynomial/polynomial.cache/compile_simlib/riviera} {activehdl=C:/Users/Justyna/Desktop/Studies/EiT/semestr1/SDwUP/Project_Polynomial/AXI_Stream/polynomial/polynomial.cache/compile_simlib/activehdl}] -use_ip_compiled_libs -force -quiet
update_ip_catalog -rebuild -scan_changes
INFO: [IP_Flow 19-234] Refreshing IP repositories
INFO: [IP_Flow 19-1700] Loaded user IP repository 'c:/Users/Justyna/Desktop/Studies/EiT/semestr1/SDwUP/Project_Polynomial/AXI_Stream/ip_repo/polynomial_stream_acc_1.0'.
report_ip_status -name ip_status
upgrade_ip -vlnv xilinx.com:user:polynomial_stream_acc:1.0 [get_ips  stream_acc_design_polynomial_stream_acc_0_0] -log ip_upgrade.log
Upgrading 'C:/Users/Justyna/Desktop/Studies/EiT/semestr1/SDwUP/Project_Polynomial/AXI_Stream/polynomial/polynomial.srcs/sources_1/bd/stream_acc_design/stream_acc_design.bd'
INFO: [IP_Flow 19-3420] Updated stream_acc_design_polynomial_stream_acc_0_0 to use current project options
Wrote  : <C:\Users\Justyna\Desktop\Studies\EiT\semestr1\SDwUP\Project_Polynomial\AXI_Stream\polynomial\polynomial.srcs\sources_1\bd\stream_acc_design\stream_acc_design.bd> 
INFO: [Coretcl 2-1525] Wrote upgrade log to 'C:/Users/Justyna/Desktop/Studies/EiT/semestr1/SDwUP/Project_Polynomial/AXI_Stream/polynomial/ip_upgrade.log'.
export_ip_user_files -of_objects [get_ips stream_acc_design_polynomial_stream_acc_0_0] -no_script -sync -force -quiet
generate_target all [get_files  C:/Users/Justyna/Desktop/Studies/EiT/semestr1/SDwUP/Project_Polynomial/AXI_Stream/polynomial/polynomial.srcs/sources_1/bd/stream_acc_design/stream_acc_design.bd]
Wrote  : <C:\Users\Justyna\Desktop\Studies\EiT\semestr1\SDwUP\Project_Polynomial\AXI_Stream\polynomial\polynomial.srcs\sources_1\bd\stream_acc_design\stream_acc_design.bd> 
VHDL Output written to : C:/Users/Justyna/Desktop/Studies/EiT/semestr1/SDwUP/Project_Polynomial/AXI_Stream/polynomial/polynomial.srcs/sources_1/bd/stream_acc_design/synth/stream_acc_design.v
VHDL Output written to : C:/Users/Justyna/Desktop/Studies/EiT/semestr1/SDwUP/Project_Polynomial/AXI_Stream/polynomial/polynomial.srcs/sources_1/bd/stream_acc_design/sim/stream_acc_design.v
VHDL Output written to : C:/Users/Justyna/Desktop/Studies/EiT/semestr1/SDwUP/Project_Polynomial/AXI_Stream/polynomial/polynomial.srcs/sources_1/bd/stream_acc_design/hdl/stream_acc_design_wrapper.v
INFO: [BD 41-1029] Generation completed for the IP Integrator block polynomial_stream_acc_0 .
INFO: [BD 41-1029] Generation completed for the IP Integrator block axi_fifo_mm_s_0 .
INFO: [BD 41-1029] Generation completed for the IP Integrator block processing_system7_0 .
INFO: [BD 41-1029] Generation completed for the IP Integrator block rst_ps7_0_100M .
WARNING: [IP_Flow 19-4994] Overwriting existing constraint file 'c:/Users/Justyna/Desktop/Studies/EiT/semestr1/SDwUP/Project_Polynomial/AXI_Stream/polynomial/polynomial.srcs/sources_1/bd/stream_acc_design/ip/stream_acc_design_auto_pc_0/stream_acc_design_auto_pc_0_ooc.xdc'
INFO: [BD 41-1029] Generation completed for the IP Integrator block ps7_0_axi_periph/s00_couplers/auto_pc .
Exporting to file C:/Users/Justyna/Desktop/Studies/EiT/semestr1/SDwUP/Project_Polynomial/AXI_Stream/polynomial/polynomial.srcs/sources_1/bd/stream_acc_design/hw_handoff/stream_acc_design.hwh
Generated Block Design Tcl file C:/Users/Justyna/Desktop/Studies/EiT/semestr1/SDwUP/Project_Polynomial/AXI_Stream/polynomial/polynomial.srcs/sources_1/bd/stream_acc_design/hw_handoff/stream_acc_design_bd.tcl
Generated Hardware Definition File C:/Users/Justyna/Desktop/Studies/EiT/semestr1/SDwUP/Project_Polynomial/AXI_Stream/polynomial/polynomial.srcs/sources_1/bd/stream_acc_design/synth/stream_acc_design.hwdef
catch { config_ip_cache -export [get_ips -all stream_acc_design_polynomial_stream_acc_0_0] }
catch { config_ip_cache -export [get_ips -all stream_acc_design_auto_pc_0] }
INFO: [IP_Flow 19-4993] Using cached IP synthesis design for IP stream_acc_design_auto_pc_0, cache-ID = c7981aa4510def98; cache size = 1.115 MB.
export_ip_user_files -of_objects [get_files C:/Users/Justyna/Desktop/Studies/EiT/semestr1/SDwUP/Project_Polynomial/AXI_Stream/polynomial/polynomial.srcs/sources_1/bd/stream_acc_design/stream_acc_design.bd] -no_script -sync -force -quiet
create_ip_run [get_files -of_objects [get_fileset sources_1] C:/Users/Justyna/Desktop/Studies/EiT/semestr1/SDwUP/Project_Polynomial/AXI_Stream/polynomial/polynomial.srcs/sources_1/bd/stream_acc_design/stream_acc_design.bd]
launch_runs -jobs 8 stream_acc_design_polynomial_stream_acc_0_0_synth_1
[Mon Jun 20 22:24:32 2022] Launched stream_acc_design_polynomial_stream_acc_0_0_synth_1...
Run output will be captured here: C:/Users/Justyna/Desktop/Studies/EiT/semestr1/SDwUP/Project_Polynomial/AXI_Stream/polynomial/polynomial.runs/stream_acc_design_polynomial_stream_acc_0_0_synth_1/runme.log
export_simulation -of_objects [get_files C:/Users/Justyna/Desktop/Studies/EiT/semestr1/SDwUP/Project_Polynomial/AXI_Stream/polynomial/polynomial.srcs/sources_1/bd/stream_acc_design/stream_acc_design.bd] -directory C:/Users/Justyna/Desktop/Studies/EiT/semestr1/SDwUP/Project_Polynomial/AXI_Stream/polynomial/polynomial.ip_user_files/sim_scripts -ip_user_files_dir C:/Users/Justyna/Desktop/Studies/EiT/semestr1/SDwUP/Project_Polynomial/AXI_Stream/polynomial/polynomial.ip_user_files -ipstatic_source_dir C:/Users/Justyna/Desktop/Studies/EiT/semestr1/SDwUP/Project_Polynomial/AXI_Stream/polynomial/polynomial.ip_user_files/ipstatic -lib_map_path [list {modelsim=C:/Users/Justyna/Desktop/Studies/EiT/semestr1/SDwUP/Project_Polynomial/AXI_Stream/polynomial/polynomial.cache/compile_simlib/modelsim} {questa=C:/Users/Justyna/Desktop/Studies/EiT/semestr1/SDwUP/Project_Polynomial/AXI_Stream/polynomial/polynomial.cache/compile_simlib/questa} {riviera=C:/Users/Justyna/Desktop/Studies/EiT/semestr1/SDwUP/Project_Polynomial/AXI_Stream/polynomial/polynomial.cache/compile_simlib/riviera} {activehdl=C:/Users/Justyna/Desktop/Studies/EiT/semestr1/SDwUP/Project_Polynomial/AXI_Stream/polynomial/polynomial.cache/compile_simlib/activehdl}] -use_ip_compiled_libs -force -quiet
reset_run synth_1
launch_runs synth_1 -jobs 8
[Mon Jun 20 22:25:16 2022] Launched synth_1...
Run output will be captured here: C:/Users/Justyna/Desktop/Studies/EiT/semestr1/SDwUP/Project_Polynomial/AXI_Stream/polynomial/polynomial.runs/synth_1/runme.log
launch_runs impl_1 -jobs 8
[Mon Jun 20 22:26:34 2022] Launched impl_1...
Run output will be captured here: C:/Users/Justyna/Desktop/Studies/EiT/semestr1/SDwUP/Project_Polynomial/AXI_Stream/polynomial/polynomial.runs/impl_1/runme.log
launch_runs impl_1 -to_step write_bitstream -jobs 8
[Mon Jun 20 22:29:10 2022] Launched impl_1...
Run output will be captured here: C:/Users/Justyna/Desktop/Studies/EiT/semestr1/SDwUP/Project_Polynomial/AXI_Stream/polynomial/polynomial.runs/impl_1/runme.log
file copy -force C:/Users/Justyna/Desktop/Studies/EiT/semestr1/SDwUP/Project_Polynomial/AXI_Stream/polynomial/polynomial.runs/impl_1/stream_acc_design_wrapper.sysdef C:/Users/Justyna/Desktop/Studies/EiT/semestr1/SDwUP/Project_Polynomial/AXI_Stream/polynomial/polynomial.sdk/stream_acc_design_wrapper.hdf

launch_sdk -workspace C:/Users/Justyna/Desktop/Studies/EiT/semestr1/SDwUP/Project_Polynomial/AXI_Stream/polynomial/polynomial.sdk -hwspec C:/Users/Justyna/Desktop/Studies/EiT/semestr1/SDwUP/Project_Polynomial/AXI_Stream/polynomial/polynomial.sdk/stream_acc_design_wrapper.hdf
INFO: [Vivado 12-393] Launching SDK...
INFO: [Vivado 12-417] Running xsdk -workspace C:/Users/Justyna/Desktop/Studies/EiT/semestr1/SDwUP/Project_Polynomial/AXI_Stream/polynomial/polynomial.sdk -hwspec C:/Users/Justyna/Desktop/Studies/EiT/semestr1/SDwUP/Project_Polynomial/AXI_Stream/polynomial/polynomial.sdk/stream_acc_design_wrapper.hdf
INFO: [Vivado 12-3157] SDK launch initiated. Please check console for any further messages.
update_ip_catalog -rebuild -scan_changes
INFO: [IP_Flow 19-234] Refreshing IP repositories
INFO: [IP_Flow 19-1700] Loaded user IP repository 'c:/Users/Justyna/Desktop/Studies/EiT/semestr1/SDwUP/Project_Polynomial/AXI_Stream/ip_repo/polynomial_stream_acc_1.0'.
report_ip_status -name ip_status
upgrade_ip -vlnv xilinx.com:user:polynomial_stream_acc:1.0 [get_ips  stream_acc_design_polynomial_stream_acc_0_0] -log ip_upgrade.log
Upgrading 'C:/Users/Justyna/Desktop/Studies/EiT/semestr1/SDwUP/Project_Polynomial/AXI_Stream/polynomial/polynomial.srcs/sources_1/bd/stream_acc_design/stream_acc_design.bd'
INFO: [IP_Flow 19-3420] Updated stream_acc_design_polynomial_stream_acc_0_0 to use current project options
Wrote  : <C:\Users\Justyna\Desktop\Studies\EiT\semestr1\SDwUP\Project_Polynomial\AXI_Stream\polynomial\polynomial.srcs\sources_1\bd\stream_acc_design\stream_acc_design.bd> 
INFO: [Coretcl 2-1525] Wrote upgrade log to 'C:/Users/Justyna/Desktop/Studies/EiT/semestr1/SDwUP/Project_Polynomial/AXI_Stream/polynomial/ip_upgrade.log'.
export_ip_user_files -of_objects [get_ips stream_acc_design_polynomial_stream_acc_0_0] -no_script -sync -force -quiet
generate_target all [get_files  C:/Users/Justyna/Desktop/Studies/EiT/semestr1/SDwUP/Project_Polynomial/AXI_Stream/polynomial/polynomial.srcs/sources_1/bd/stream_acc_design/stream_acc_design.bd]
Wrote  : <C:\Users\Justyna\Desktop\Studies\EiT\semestr1\SDwUP\Project_Polynomial\AXI_Stream\polynomial\polynomial.srcs\sources_1\bd\stream_acc_design\stream_acc_design.bd> 
VHDL Output written to : C:/Users/Justyna/Desktop/Studies/EiT/semestr1/SDwUP/Project_Polynomial/AXI_Stream/polynomial/polynomial.srcs/sources_1/bd/stream_acc_design/synth/stream_acc_design.v
VHDL Output written to : C:/Users/Justyna/Desktop/Studies/EiT/semestr1/SDwUP/Project_Polynomial/AXI_Stream/polynomial/polynomial.srcs/sources_1/bd/stream_acc_design/sim/stream_acc_design.v
VHDL Output written to : C:/Users/Justyna/Desktop/Studies/EiT/semestr1/SDwUP/Project_Polynomial/AXI_Stream/polynomial/polynomial.srcs/sources_1/bd/stream_acc_design/hdl/stream_acc_design_wrapper.v
INFO: [BD 41-1029] Generation completed for the IP Integrator block polynomial_stream_acc_0 .
INFO: [BD 41-1029] Generation completed for the IP Integrator block axi_fifo_mm_s_0 .
INFO: [BD 41-1029] Generation completed for the IP Integrator block processing_system7_0 .
INFO: [BD 41-1029] Generation completed for the IP Integrator block rst_ps7_0_100M .
WARNING: [IP_Flow 19-4994] Overwriting existing constraint file 'c:/Users/Justyna/Desktop/Studies/EiT/semestr1/SDwUP/Project_Polynomial/AXI_Stream/polynomial/polynomial.srcs/sources_1/bd/stream_acc_design/ip/stream_acc_design_auto_pc_0/stream_acc_design_auto_pc_0_ooc.xdc'
INFO: [BD 41-1029] Generation completed for the IP Integrator block ps7_0_axi_periph/s00_couplers/auto_pc .
Exporting to file C:/Users/Justyna/Desktop/Studies/EiT/semestr1/SDwUP/Project_Polynomial/AXI_Stream/polynomial/polynomial.srcs/sources_1/bd/stream_acc_design/hw_handoff/stream_acc_design.hwh
Generated Block Design Tcl file C:/Users/Justyna/Desktop/Studies/EiT/semestr1/SDwUP/Project_Polynomial/AXI_Stream/polynomial/polynomial.srcs/sources_1/bd/stream_acc_design/hw_handoff/stream_acc_design_bd.tcl
Generated Hardware Definition File C:/Users/Justyna/Desktop/Studies/EiT/semestr1/SDwUP/Project_Polynomial/AXI_Stream/polynomial/polynomial.srcs/sources_1/bd/stream_acc_design/synth/stream_acc_design.hwdef
catch { config_ip_cache -export [get_ips -all stream_acc_design_polynomial_stream_acc_0_0] }
INFO: [IP_Flow 19-4993] Using cached IP synthesis design for IP stream_acc_design_polynomial_stream_acc_0_0, cache-ID = ef62e8827e655d25; cache size = 1.231 MB.
catch { config_ip_cache -export [get_ips -all stream_acc_design_auto_pc_0] }
INFO: [IP_Flow 19-4993] Using cached IP synthesis design for IP stream_acc_design_auto_pc_0, cache-ID = c7981aa4510def98; cache size = 1.231 MB.
export_ip_user_files -of_objects [get_files C:/Users/Justyna/Desktop/Studies/EiT/semestr1/SDwUP/Project_Polynomial/AXI_Stream/polynomial/polynomial.srcs/sources_1/bd/stream_acc_design/stream_acc_design.bd] -no_script -sync -force -quiet
create_ip_run [get_files -of_objects [get_fileset sources_1] C:/Users/Justyna/Desktop/Studies/EiT/semestr1/SDwUP/Project_Polynomial/AXI_Stream/polynomial/polynomial.srcs/sources_1/bd/stream_acc_design/stream_acc_design.bd]
export_simulation -of_objects [get_files C:/Users/Justyna/Desktop/Studies/EiT/semestr1/SDwUP/Project_Polynomial/AXI_Stream/polynomial/polynomial.srcs/sources_1/bd/stream_acc_design/stream_acc_design.bd] -directory C:/Users/Justyna/Desktop/Studies/EiT/semestr1/SDwUP/Project_Polynomial/AXI_Stream/polynomial/polynomial.ip_user_files/sim_scripts -ip_user_files_dir C:/Users/Justyna/Desktop/Studies/EiT/semestr1/SDwUP/Project_Polynomial/AXI_Stream/polynomial/polynomial.ip_user_files -ipstatic_source_dir C:/Users/Justyna/Desktop/Studies/EiT/semestr1/SDwUP/Project_Polynomial/AXI_Stream/polynomial/polynomial.ip_user_files/ipstatic -lib_map_path [list {modelsim=C:/Users/Justyna/Desktop/Studies/EiT/semestr1/SDwUP/Project_Polynomial/AXI_Stream/polynomial/polynomial.cache/compile_simlib/modelsim} {questa=C:/Users/Justyna/Desktop/Studies/EiT/semestr1/SDwUP/Project_Polynomial/AXI_Stream/polynomial/polynomial.cache/compile_simlib/questa} {riviera=C:/Users/Justyna/Desktop/Studies/EiT/semestr1/SDwUP/Project_Polynomial/AXI_Stream/polynomial/polynomial.cache/compile_simlib/riviera} {activehdl=C:/Users/Justyna/Desktop/Studies/EiT/semestr1/SDwUP/Project_Polynomial/AXI_Stream/polynomial/polynomial.cache/compile_simlib/activehdl}] -use_ip_compiled_libs -force -quiet
reset_run synth_1
launch_runs synth_1 -jobs 8
[Mon Jun 20 22:48:59 2022] Launched synth_1...
Run output will be captured here: C:/Users/Justyna/Desktop/Studies/EiT/semestr1/SDwUP/Project_Polynomial/AXI_Stream/polynomial/polynomial.runs/synth_1/runme.log
launch_runs impl_1 -jobs 8
[Mon Jun 20 22:49:46 2022] Launched impl_1...
Run output will be captured here: C:/Users/Justyna/Desktop/Studies/EiT/semestr1/SDwUP/Project_Polynomial/AXI_Stream/polynomial/polynomial.runs/impl_1/runme.log
launch_runs impl_1 -to_step write_bitstream -jobs 8
[Mon Jun 20 22:52:00 2022] Launched impl_1...
Run output will be captured here: C:/Users/Justyna/Desktop/Studies/EiT/semestr1/SDwUP/Project_Polynomial/AXI_Stream/polynomial/polynomial.runs/impl_1/runme.log
file copy -force C:/Users/Justyna/Desktop/Studies/EiT/semestr1/SDwUP/Project_Polynomial/AXI_Stream/polynomial/polynomial.runs/impl_1/stream_acc_design_wrapper.sysdef C:/Users/Justyna/Desktop/Studies/EiT/semestr1/SDwUP/Project_Polynomial/AXI_Stream/polynomial/polynomial.sdk/stream_acc_design_wrapper.hdf

launch_sdk -workspace C:/Users/Justyna/Desktop/Studies/EiT/semestr1/SDwUP/Project_Polynomial/AXI_Stream/polynomial/polynomial.sdk -hwspec C:/Users/Justyna/Desktop/Studies/EiT/semestr1/SDwUP/Project_Polynomial/AXI_Stream/polynomial/polynomial.sdk/stream_acc_design_wrapper.hdf
INFO: [Vivado 12-393] Launching SDK...
INFO: [Vivado 12-417] Running xsdk -workspace C:/Users/Justyna/Desktop/Studies/EiT/semestr1/SDwUP/Project_Polynomial/AXI_Stream/polynomial/polynomial.sdk -hwspec C:/Users/Justyna/Desktop/Studies/EiT/semestr1/SDwUP/Project_Polynomial/AXI_Stream/polynomial/polynomial.sdk/stream_acc_design_wrapper.hdf
INFO: [Vivado 12-3157] SDK launch initiated. Please check console for any further messages.
exit
INFO: [Common 17-206] Exiting Vivado at Mon Jun 20 23:05:27 2022...
